{"name":"hexo","hostname":"Nick.leandev.cn","pid":35080,"level":20,"msg":"Hexo version: \u001b[35m3.3.8\u001b[39m","time":"2021-03-18T06:55:56.452Z","v":0}
{"name":"hexo","hostname":"Nick.leandev.cn","pid":35080,"level":20,"msg":"Working directory: \u001b[35m~/Documents/blog/\u001b[39m","time":"2021-03-18T06:55:56.453Z","v":0}
{"name":"hexo","hostname":"Nick.leandev.cn","pid":35080,"level":20,"msg":"Config loaded: \u001b[35m~/Documents/blog/_config.yml\u001b[39m","time":"2021-03-18T06:55:56.525Z","v":0}
{"name":"hexo","hostname":"Nick.leandev.cn","pid":35080,"level":20,"msg":"Plugin loaded: \u001b[35mhexo-asset-image\u001b[39m","time":"2021-03-18T06:55:56.580Z","v":0}
{"name":"hexo","hostname":"Nick.leandev.cn","pid":35080,"level":20,"msg":"Plugin loaded: \u001b[35mhexo-generator-archive\u001b[39m","time":"2021-03-18T06:55:56.582Z","v":0}
{"name":"hexo","hostname":"Nick.leandev.cn","pid":35080,"level":20,"msg":"Plugin loaded: \u001b[35mhexo-deployer-git\u001b[39m","time":"2021-03-18T06:55:56.589Z","v":0}
{"name":"hexo","hostname":"Nick.leandev.cn","pid":35080,"level":20,"msg":"Plugin loaded: \u001b[35mhexo-generator-index\u001b[39m","time":"2021-03-18T06:55:56.591Z","v":0}
{"name":"hexo","hostname":"Nick.leandev.cn","pid":35080,"level":20,"msg":"Plugin loaded: \u001b[35mhexo-generator-category\u001b[39m","time":"2021-03-18T06:55:56.593Z","v":0}
{"name":"hexo","hostname":"Nick.leandev.cn","pid":35080,"level":20,"msg":"Plugin loaded: \u001b[35mhexo-generator-tag\u001b[39m","time":"2021-03-18T06:55:56.594Z","v":0}
{"name":"hexo","hostname":"Nick.leandev.cn","pid":35080,"level":20,"msg":"Plugin loaded: \u001b[35mhexo-renderer-ejs\u001b[39m","time":"2021-03-18T06:55:56.596Z","v":0}
{"name":"hexo","hostname":"Nick.leandev.cn","pid":35080,"level":20,"msg":"Plugin loaded: \u001b[35mhexo-renderer-marked\u001b[39m","time":"2021-03-18T06:55:56.601Z","v":0}
{"name":"hexo","hostname":"Nick.leandev.cn","pid":35080,"level":20,"msg":"Plugin loaded: \u001b[35mhexo-renderer-stylus\u001b[39m","time":"2021-03-18T06:55:56.602Z","v":0}
{"name":"hexo","hostname":"Nick.leandev.cn","pid":35080,"level":20,"msg":"Plugin loaded: \u001b[35mhexo-server\u001b[39m","time":"2021-03-18T06:55:56.652Z","v":0}
{"name":"hexo","hostname":"Nick.leandev.cn","pid":35080,"level":20,"msg":"Script loaded: \u001b[35mthemes/material/scripts/helper.js\u001b[39m","time":"2021-03-18T06:55:56.653Z","v":0}
{"name":"hexo","hostname":"Nick.leandev.cn","pid":35080,"level":20,"msg":"Script loaded: \u001b[35mthemes/material/scripts/lib/css_lsload.js\u001b[39m","time":"2021-03-18T06:55:56.654Z","v":0}
{"name":"hexo","hostname":"Nick.leandev.cn","pid":35080,"level":20,"msg":"Script loaded: \u001b[35mthemes/material/scripts/lib/font_lsload.js\u001b[39m","time":"2021-03-18T06:55:56.654Z","v":0}
{"name":"hexo","hostname":"Nick.leandev.cn","pid":35080,"level":20,"msg":"Script loaded: \u001b[35mthemes/material/scripts/lib/get_file_hex.js\u001b[39m","time":"2021-03-18T06:55:56.654Z","v":0}
{"name":"hexo","hostname":"Nick.leandev.cn","pid":35080,"level":20,"msg":"Script loaded: \u001b[35mthemes/material/scripts/lib/js_hex.js\u001b[39m","time":"2021-03-18T06:55:56.654Z","v":0}
{"name":"hexo","hostname":"Nick.leandev.cn","pid":35080,"level":20,"msg":"Script loaded: \u001b[35mthemes/material/scripts/lib/js_lsload.js\u001b[39m","time":"2021-03-18T06:55:56.655Z","v":0}
{"name":"hexo","hostname":"Nick.leandev.cn","pid":35080,"level":20,"msg":"Script loaded: \u001b[35mthemes/material/scripts/lib/path_for.js\u001b[39m","time":"2021-03-18T06:55:56.655Z","v":0}
{"name":"hexo","hostname":"Nick.leandev.cn","pid":35080,"level":20,"msg":"Loading database.","time":"2021-03-18T06:55:56.661Z","v":0}
{"name":"hexo","hostname":"Nick.leandev.cn","pid":35080,"level":30,"msg":"Start processing","time":"2021-03-18T06:55:56.816Z","v":0}
{"name":"hexo","hostname":"Nick.leandev.cn","pid":35080,"level":20,"msg":"Processed: \u001b[35mdebug.log\u001b[39m","time":"2021-03-18T06:55:56.871Z","v":0}
{"name":"hexo","hostname":"Nick.leandev.cn","pid":35080,"level":20,"msg":"Processed: \u001b[35m404.md\u001b[39m","time":"2021-03-18T06:55:56.890Z","v":0}
{"name":"hexo","hostname":"Nick.leandev.cn","pid":35080,"level":20,"msg":"Processed: \u001b[35m_posts/MyFirstBlog.md\u001b[39m","time":"2021-03-18T06:55:56.957Z","v":0}
{"name":"hexo","hostname":"Nick.leandev.cn","pid":35080,"level":20,"msg":"Processed: \u001b[35m_posts/ansible-start.md\u001b[39m","time":"2021-03-18T06:55:56.957Z","v":0}
{"name":"hexo","hostname":"Nick.leandev.cn","pid":35080,"level":20,"msg":"Processed: \u001b[35m_posts/apt-install-occur-subprocess-returned-error-exit-status-2.md\u001b[39m","time":"2021-03-18T06:55:56.957Z","v":0}
{"name":"hexo","hostname":"Nick.leandev.cn","pid":35080,"level":20,"msg":"Processed: \u001b[35m_posts/docker-helloworld.md\u001b[39m","time":"2021-03-18T06:55:56.957Z","v":0}
{"name":"hexo","hostname":"Nick.leandev.cn","pid":35080,"level":20,"msg":"Processed: \u001b[35m_posts/dockerfile.md\u001b[39m","time":"2021-03-18T06:55:56.957Z","v":0}
{"name":"hexo","hostname":"Nick.leandev.cn","pid":35080,"level":20,"msg":"Processed: \u001b[35m_posts/failed-to-load-ldlinux-c32.md\u001b[39m","time":"2021-03-18T06:55:56.957Z","v":0}
{"name":"hexo","hostname":"Nick.leandev.cn","pid":35080,"level":20,"msg":"Processed: \u001b[35m_posts/git-command.md\u001b[39m","time":"2021-03-18T06:55:56.957Z","v":0}
{"name":"hexo","hostname":"Nick.leandev.cn","pid":35080,"level":20,"msg":"Processed: \u001b[35m_posts/hadoop-hbase-cluster-on-ubuntu.md\u001b[39m","time":"2021-03-18T06:55:56.957Z","v":0}
{"name":"hexo","hostname":"Nick.leandev.cn","pid":35080,"level":20,"msg":"Processed: \u001b[35m_posts/hbase-shell-ops.md\u001b[39m","time":"2021-03-18T06:55:56.957Z","v":0}
{"name":"hexo","hostname":"Nick.leandev.cn","pid":35080,"level":20,"msg":"Processed: \u001b[35m_posts/hadoop-memo.md\u001b[39m","time":"2021-03-18T06:55:56.957Z","v":0}
{"name":"hexo","hostname":"Nick.leandev.cn","pid":35080,"level":20,"msg":"Processed: \u001b[35m_posts/hexo.md\u001b[39m","time":"2021-03-18T06:55:56.957Z","v":0}
{"name":"hexo","hostname":"Nick.leandev.cn","pid":35080,"level":20,"msg":"Processed: \u001b[35m_posts/hive_install.md\u001b[39m","time":"2021-03-18T06:55:56.958Z","v":0}
{"name":"hexo","hostname":"Nick.leandev.cn","pid":35080,"level":20,"msg":"Processed: \u001b[35m_posts/jadclipse.md\u001b[39m","time":"2021-03-18T06:55:56.958Z","v":0}
{"name":"hexo","hostname":"Nick.leandev.cn","pid":35080,"level":20,"msg":"Processed: \u001b[35m_posts/nginx-guide.md\u001b[39m","time":"2021-03-18T06:55:56.958Z","v":0}
{"name":"hexo","hostname":"Nick.leandev.cn","pid":35080,"level":20,"msg":"Processed: \u001b[35m_posts/oh-my-zsh-theme.md\u001b[39m","time":"2021-03-18T06:55:56.958Z","v":0}
{"name":"hexo","hostname":"Nick.leandev.cn","pid":35080,"level":20,"msg":"Processed: \u001b[35m_posts/soul-gateway-src-code-learning-01.md\u001b[39m","time":"2021-03-18T06:55:56.958Z","v":0}
{"name":"hexo","hostname":"Nick.leandev.cn","pid":35080,"level":20,"msg":"Processed: \u001b[35m_posts/soul-gateway-src-code-learning-02.md\u001b[39m","time":"2021-03-18T06:55:56.958Z","v":0}
{"name":"hexo","hostname":"Nick.leandev.cn","pid":35080,"level":20,"msg":"Processed: \u001b[35m_posts/soul-gateway-src-code-learning-03.md\u001b[39m","time":"2021-03-18T06:55:56.958Z","v":0}
{"name":"hexo","hostname":"Nick.leandev.cn","pid":35080,"level":20,"msg":"Processed: \u001b[35m_posts/soul-gateway-src-code-learning-04.md\u001b[39m","time":"2021-03-18T06:55:56.958Z","v":0}
{"name":"hexo","hostname":"Nick.leandev.cn","pid":35080,"level":20,"msg":"Processed: \u001b[35m_posts/soul-gateway-src-code-learning-05.md\u001b[39m","time":"2021-03-18T06:55:56.958Z","v":0}
{"name":"hexo","hostname":"Nick.leandev.cn","pid":35080,"level":20,"msg":"Processed: \u001b[35m_posts/soul-gateway-src-code-learning-06.md\u001b[39m","time":"2021-03-18T06:55:56.958Z","v":0}
{"name":"hexo","hostname":"Nick.leandev.cn","pid":35080,"level":20,"msg":"Processed: \u001b[35m_posts/soul-gateway-src-code-learning-07.md\u001b[39m","time":"2021-03-18T06:55:56.958Z","v":0}
{"name":"hexo","hostname":"Nick.leandev.cn","pid":35080,"level":20,"msg":"Processed: \u001b[35m_posts/soul-gateway-src-code-learning-08.md\u001b[39m","time":"2021-03-18T06:55:56.958Z","v":0}
{"name":"hexo","hostname":"Nick.leandev.cn","pid":35080,"level":20,"msg":"Processed: \u001b[35m_posts/soul-gateway-src-code-learning-09.md\u001b[39m","time":"2021-03-18T06:55:56.958Z","v":0}
{"name":"hexo","hostname":"Nick.leandev.cn","pid":35080,"level":20,"msg":"Processed: \u001b[35m_posts/soul-gateway-src-code-learning-10.md\u001b[39m","time":"2021-03-18T06:55:56.958Z","v":0}
{"name":"hexo","hostname":"Nick.leandev.cn","pid":35080,"level":20,"msg":"Processed: \u001b[35m_posts/soul-gateway-src-code-learning-11.md\u001b[39m","time":"2021-03-18T06:55:56.958Z","v":0}
{"name":"hexo","hostname":"Nick.leandev.cn","pid":35080,"level":20,"msg":"Processed: \u001b[35m_posts/soul-gateway-src-code-learning-12.md\u001b[39m","time":"2021-03-18T06:55:56.958Z","v":0}
{"name":"hexo","hostname":"Nick.leandev.cn","pid":35080,"level":20,"msg":"Processed: \u001b[35m_posts/soul-gateway-src-code-learning-13.md\u001b[39m","time":"2021-03-18T06:55:56.958Z","v":0}
{"name":"hexo","hostname":"Nick.leandev.cn","pid":35080,"level":20,"msg":"Processed: \u001b[35m_posts/soul-gateway-src-code-learning-14.md\u001b[39m","time":"2021-03-18T06:55:56.958Z","v":0}
{"name":"hexo","hostname":"Nick.leandev.cn","pid":35080,"level":20,"msg":"Processed: \u001b[35m_posts/soul-gateway-src-code-learning-15.md\u001b[39m","time":"2021-03-18T06:55:56.958Z","v":0}
{"name":"hexo","hostname":"Nick.leandev.cn","pid":35080,"level":20,"msg":"Processed: \u001b[35m_posts/soul-gateway-src-code-learning-16.md\u001b[39m","time":"2021-03-18T06:55:56.958Z","v":0}
{"name":"hexo","hostname":"Nick.leandev.cn","pid":35080,"level":20,"msg":"Processed: \u001b[35m_posts/soul-gateway-src-code-learning-17.md\u001b[39m","time":"2021-03-18T06:55:56.958Z","v":0}
{"name":"hexo","hostname":"Nick.leandev.cn","pid":35080,"level":20,"msg":"Processed: \u001b[35m_posts/soul-gateway-src-code-learning-18.md\u001b[39m","time":"2021-03-18T06:55:56.958Z","v":0}
{"name":"hexo","hostname":"Nick.leandev.cn","pid":35080,"level":20,"msg":"Processed: \u001b[35m_posts/sync-file-between-mac-linux.md\u001b[39m","time":"2021-03-18T06:55:56.958Z","v":0}
{"name":"hexo","hostname":"Nick.leandev.cn","pid":35080,"level":20,"msg":"Processed: \u001b[35m_posts/thingstodoinubuntu.md\u001b[39m","time":"2021-03-18T06:55:56.958Z","v":0}
{"name":"hexo","hostname":"Nick.leandev.cn","pid":35080,"level":20,"msg":"Processed: \u001b[35m_posts/trellis-env.md\u001b[39m","time":"2021-03-18T06:55:56.958Z","v":0}
{"name":"hexo","hostname":"Nick.leandev.cn","pid":35080,"level":20,"msg":"Processed: \u001b[35m_posts/ubuntu-samba-config.md\u001b[39m","time":"2021-03-18T06:55:56.958Z","v":0}
{"name":"hexo","hostname":"Nick.leandev.cn","pid":35080,"level":20,"msg":"Processed: \u001b[35m_posts/ubuntu-server-install.md\u001b[39m","time":"2021-03-18T06:55:56.958Z","v":0}
{"name":"hexo","hostname":"Nick.leandev.cn","pid":35080,"level":20,"msg":"Theme config loaded.","time":"2021-03-18T06:55:56.989Z","v":0}
{"name":"hexo","hostname":"Nick.leandev.cn","pid":35080,"level":20,"msg":"Processed: \u001b[35m_config.yml\u001b[39m","time":"2021-03-18T06:55:56.991Z","v":0}
{"name":"hexo","hostname":"Nick.leandev.cn","pid":35080,"level":20,"msg":"Processed: \u001b[35m_posts/docker-helloworld/1.png\u001b[39m","time":"2021-03-18T06:55:57.287Z","v":0}
{"name":"hexo","hostname":"Nick.leandev.cn","pid":35080,"level":20,"msg":"Processed: \u001b[35msource/fonts/MaterialIcons-Regular.woff2\u001b[39m","time":"2021-03-18T06:55:57.287Z","v":0}
{"name":"hexo","hostname":"Nick.leandev.cn","pid":35080,"level":20,"msg":"Processed: \u001b[35m_posts/docker-helloworld/3.png\u001b[39m","time":"2021-03-18T06:55:57.287Z","v":0}
{"name":"hexo","hostname":"Nick.leandev.cn","pid":35080,"level":20,"msg":"Processed: \u001b[35msource/fonts/MaterialIcons-Regular.woff\u001b[39m","time":"2021-03-18T06:55:57.288Z","v":0}
{"name":"hexo","hostname":"Nick.leandev.cn","pid":35080,"level":20,"msg":"Processed: \u001b[35m_posts/docker-helloworld/2.png\u001b[39m","time":"2021-03-18T06:55:57.288Z","v":0}
{"name":"hexo","hostname":"Nick.leandev.cn","pid":35080,"level":20,"msg":"Processed: \u001b[35msource/css/disqus-proxy.css\u001b[39m","time":"2021-03-18T06:55:57.289Z","v":0}
{"name":"hexo","hostname":"Nick.leandev.cn","pid":35080,"level":20,"msg":"Processed: \u001b[35m_posts/docker-helloworld/5.png\u001b[39m","time":"2021-03-18T06:55:57.289Z","v":0}
{"name":"hexo","hostname":"Nick.leandev.cn","pid":35080,"level":20,"msg":"Processed: \u001b[35msource/css/duoshuo.css\u001b[39m","time":"2021-03-18T06:55:57.289Z","v":0}
{"name":"hexo","hostname":"Nick.leandev.cn","pid":35080,"level":20,"msg":"Processed: \u001b[35m_posts/docker-helloworld/6.jpeg\u001b[39m","time":"2021-03-18T06:55:57.290Z","v":0}
{"name":"hexo","hostname":"Nick.leandev.cn","pid":35080,"level":20,"msg":"Processed: \u001b[35msource/css/disqus-proxy.min.css\u001b[39m","time":"2021-03-18T06:55:57.290Z","v":0}
{"name":"hexo","hostname":"Nick.leandev.cn","pid":35080,"level":20,"msg":"Processed: \u001b[35m_posts/dockerfile/1.png\u001b[39m","time":"2021-03-18T06:55:57.290Z","v":0}
{"name":"hexo","hostname":"Nick.leandev.cn","pid":35080,"level":20,"msg":"Processed: \u001b[35msource/css/duoshuo.min.css\u001b[39m","time":"2021-03-18T06:55:57.291Z","v":0}
{"name":"hexo","hostname":"Nick.leandev.cn","pid":35080,"level":20,"msg":"Processed: \u001b[35m_posts/dockerfile/2.png\u001b[39m","time":"2021-03-18T06:55:57.291Z","v":0}
{"name":"hexo","hostname":"Nick.leandev.cn","pid":35080,"level":20,"msg":"Processed: \u001b[35msource/css/fontawesome.min.css\u001b[39m","time":"2021-03-18T06:55:57.291Z","v":0}
{"name":"hexo","hostname":"Nick.leandev.cn","pid":35080,"level":20,"msg":"Processed: \u001b[35m_posts/dockerfile/4.png\u001b[39m","time":"2021-03-18T06:55:57.292Z","v":0}
{"name":"hexo","hostname":"Nick.leandev.cn","pid":35080,"level":20,"msg":"Processed: \u001b[35msource/css/gallery.min.css\u001b[39m","time":"2021-03-18T06:55:57.292Z","v":0}
{"name":"hexo","hostname":"Nick.leandev.cn","pid":35080,"level":20,"msg":"Processed: \u001b[35m_posts/hadoop-hbase-cluster-on-ubuntu/1.png\u001b[39m","time":"2021-03-18T06:55:57.292Z","v":0}
{"name":"hexo","hostname":"Nick.leandev.cn","pid":35080,"level":20,"msg":"Processed: \u001b[35msource/css/ie-blocker.css\u001b[39m","time":"2021-03-18T06:55:57.292Z","v":0}
{"name":"hexo","hostname":"Nick.leandev.cn","pid":35080,"level":20,"msg":"Processed: \u001b[35m_posts/hadoop-hbase-cluster-on-ubuntu/11.png\u001b[39m","time":"2021-03-18T06:55:57.293Z","v":0}
{"name":"hexo","hostname":"Nick.leandev.cn","pid":35080,"level":20,"msg":"Processed: \u001b[35msource/css/material-icons.css\u001b[39m","time":"2021-03-18T06:55:57.293Z","v":0}
{"name":"hexo","hostname":"Nick.leandev.cn","pid":35080,"level":20,"msg":"Processed: \u001b[35m_posts/hadoop-hbase-cluster-on-ubuntu/10.png\u001b[39m","time":"2021-03-18T06:55:57.293Z","v":0}
{"name":"hexo","hostname":"Nick.leandev.cn","pid":35080,"level":20,"msg":"Processed: \u001b[35msource/css/prettify.css\u001b[39m","time":"2021-03-18T06:55:57.293Z","v":0}
{"name":"hexo","hostname":"Nick.leandev.cn","pid":35080,"level":20,"msg":"Processed: \u001b[35m_posts/hadoop-hbase-cluster-on-ubuntu/12.png\u001b[39m","time":"2021-03-18T06:55:57.294Z","v":0}
{"name":"hexo","hostname":"Nick.leandev.cn","pid":35080,"level":20,"msg":"Processed: \u001b[35msource/css/prettify.min.css\u001b[39m","time":"2021-03-18T06:55:57.294Z","v":0}
{"name":"hexo","hostname":"Nick.leandev.cn","pid":35080,"level":20,"msg":"Processed: \u001b[35m_posts/hadoop-hbase-cluster-on-ubuntu/13.png\u001b[39m","time":"2021-03-18T06:55:57.294Z","v":0}
{"name":"hexo","hostname":"Nick.leandev.cn","pid":35080,"level":20,"msg":"Processed: \u001b[35msource/css/uc.css\u001b[39m","time":"2021-03-18T06:55:57.294Z","v":0}
{"name":"hexo","hostname":"Nick.leandev.cn","pid":35080,"level":20,"msg":"Processed: \u001b[35m_posts/hadoop-hbase-cluster-on-ubuntu/15.png\u001b[39m","time":"2021-03-18T06:55:57.295Z","v":0}
{"name":"hexo","hostname":"Nick.leandev.cn","pid":35080,"level":20,"msg":"Processed: \u001b[35msource/img/avatar.png\u001b[39m","time":"2021-03-18T06:55:57.295Z","v":0}
{"name":"hexo","hostname":"Nick.leandev.cn","pid":35080,"level":20,"msg":"Processed: \u001b[35m_posts/hadoop-hbase-cluster-on-ubuntu/14.png\u001b[39m","time":"2021-03-18T06:55:57.295Z","v":0}
{"name":"hexo","hostname":"Nick.leandev.cn","pid":35080,"level":20,"msg":"Processed: \u001b[35msource/img/browserstack_logo.png\u001b[39m","time":"2021-03-18T06:55:57.295Z","v":0}
{"name":"hexo","hostname":"Nick.leandev.cn","pid":35080,"level":20,"msg":"Processed: \u001b[35m_posts/hadoop-hbase-cluster-on-ubuntu/18.png\u001b[39m","time":"2021-03-18T06:55:57.296Z","v":0}
{"name":"hexo","hostname":"Nick.leandev.cn","pid":35080,"level":20,"msg":"Processed: \u001b[35msource/img/bg.png\u001b[39m","time":"2021-03-18T06:55:57.296Z","v":0}
{"name":"hexo","hostname":"Nick.leandev.cn","pid":35080,"level":20,"msg":"Processed: \u001b[35m_posts/hadoop-hbase-cluster-on-ubuntu/2.png\u001b[39m","time":"2021-03-18T06:55:57.297Z","v":0}
{"name":"hexo","hostname":"Nick.leandev.cn","pid":35080,"level":20,"msg":"Processed: \u001b[35msource/img/favicon.png\u001b[39m","time":"2021-03-18T06:55:57.297Z","v":0}
{"name":"hexo","hostname":"Nick.leandev.cn","pid":35080,"level":20,"msg":"Processed: \u001b[35m_posts/hadoop-hbase-cluster-on-ubuntu/3.png\u001b[39m","time":"2021-03-18T06:55:57.297Z","v":0}
{"name":"hexo","hostname":"Nick.leandev.cn","pid":35080,"level":20,"msg":"Processed: \u001b[35msource/img/logo.png\u001b[39m","time":"2021-03-18T06:55:57.297Z","v":0}
{"name":"hexo","hostname":"Nick.leandev.cn","pid":35080,"level":20,"msg":"Processed: \u001b[35m_posts/hadoop-hbase-cluster-on-ubuntu/19.png\u001b[39m","time":"2021-03-18T06:55:57.298Z","v":0}
{"name":"hexo","hostname":"Nick.leandev.cn","pid":35080,"level":20,"msg":"Processed: \u001b[35msource/img/upyun_logo.svg\u001b[39m","time":"2021-03-18T06:55:57.298Z","v":0}
{"name":"hexo","hostname":"Nick.leandev.cn","pid":35080,"level":20,"msg":"Processed: \u001b[35m_posts/hadoop-hbase-cluster-on-ubuntu/4.png\u001b[39m","time":"2021-03-18T06:55:57.298Z","v":0}
{"name":"hexo","hostname":"Nick.leandev.cn","pid":35080,"level":20,"msg":"Processed: \u001b[35msource/img/sidebar_header.png\u001b[39m","time":"2021-03-18T06:55:57.299Z","v":0}
{"name":"hexo","hostname":"Nick.leandev.cn","pid":35080,"level":20,"msg":"Processed: \u001b[35m_posts/hadoop-hbase-cluster-on-ubuntu/5.png\u001b[39m","time":"2021-03-18T06:55:57.299Z","v":0}
{"name":"hexo","hostname":"Nick.leandev.cn","pid":35080,"level":20,"msg":"Processed: \u001b[35msource/js/Valine.min.js\u001b[39m","time":"2021-03-18T06:55:57.299Z","v":0}
{"name":"hexo","hostname":"Nick.leandev.cn","pid":35080,"level":20,"msg":"Processed: \u001b[35m_posts/hadoop-hbase-cluster-on-ubuntu/6.png\u001b[39m","time":"2021-03-18T06:55:57.299Z","v":0}
{"name":"hexo","hostname":"Nick.leandev.cn","pid":35080,"level":20,"msg":"Processed: \u001b[35msource/js/MathJax.js\u001b[39m","time":"2021-03-18T06:55:57.299Z","v":0}
{"name":"hexo","hostname":"Nick.leandev.cn","pid":35080,"level":20,"msg":"Processed: \u001b[35m_posts/hadoop-hbase-cluster-on-ubuntu/7.png\u001b[39m","time":"2021-03-18T06:55:57.300Z","v":0}
{"name":"hexo","hostname":"Nick.leandev.cn","pid":35080,"level":20,"msg":"Processed: \u001b[35msource/js/hanabi-browser-bundle.js\u001b[39m","time":"2021-03-18T06:55:57.300Z","v":0}
{"name":"hexo","hostname":"Nick.leandev.cn","pid":35080,"level":20,"msg":"Processed: \u001b[35m_posts/hadoop-hbase-cluster-on-ubuntu/8.png\u001b[39m","time":"2021-03-18T06:55:57.300Z","v":0}
{"name":"hexo","hostname":"Nick.leandev.cn","pid":35080,"level":20,"msg":"Processed: \u001b[35msource/js/ie-blocker.en.js\u001b[39m","time":"2021-03-18T06:55:57.301Z","v":0}
{"name":"hexo","hostname":"Nick.leandev.cn","pid":35080,"level":20,"msg":"Processed: \u001b[35m_posts/hadoop-hbase-cluster-on-ubuntu/9.png\u001b[39m","time":"2021-03-18T06:55:57.301Z","v":0}
{"name":"hexo","hostname":"Nick.leandev.cn","pid":35080,"level":20,"msg":"Processed: \u001b[35msource/js/ie-blocker.zhCN.js\u001b[39m","time":"2021-03-18T06:55:57.301Z","v":0}
{"name":"hexo","hostname":"Nick.leandev.cn","pid":35080,"level":20,"msg":"Processed: \u001b[35m_posts/hbase-shell-ops/1.png\u001b[39m","time":"2021-03-18T06:55:57.301Z","v":0}
{"name":"hexo","hostname":"Nick.leandev.cn","pid":35080,"level":20,"msg":"Processed: \u001b[35msource/js/lazyload.min.js\u001b[39m","time":"2021-03-18T06:55:57.302Z","v":0}
{"name":"hexo","hostname":"Nick.leandev.cn","pid":35080,"level":20,"msg":"Processed: \u001b[35m_posts/hbase-shell-ops/10.png\u001b[39m","time":"2021-03-18T06:55:57.302Z","v":0}
{"name":"hexo","hostname":"Nick.leandev.cn","pid":35080,"level":20,"msg":"Processed: \u001b[35msource/js/lsloader.min.js\u001b[39m","time":"2021-03-18T06:55:57.302Z","v":0}
{"name":"hexo","hostname":"Nick.leandev.cn","pid":35080,"level":20,"msg":"Processed: \u001b[35m_posts/hbase-shell-ops/11.png\u001b[39m","time":"2021-03-18T06:55:57.302Z","v":0}
{"name":"hexo","hostname":"Nick.leandev.cn","pid":35080,"level":20,"msg":"Processed: \u001b[35msource/js/lsloader.js\u001b[39m","time":"2021-03-18T06:55:57.303Z","v":0}
{"name":"hexo","hostname":"Nick.leandev.cn","pid":35080,"level":20,"msg":"Processed: \u001b[35m_posts/hbase-shell-ops/12.png\u001b[39m","time":"2021-03-18T06:55:57.304Z","v":0}
{"name":"hexo","hostname":"Nick.leandev.cn","pid":35080,"level":20,"msg":"Processed: \u001b[35msource/js/nprogress.js\u001b[39m","time":"2021-03-18T06:55:57.304Z","v":0}
{"name":"hexo","hostname":"Nick.leandev.cn","pid":35080,"level":20,"msg":"Processed: \u001b[35m_posts/hbase-shell-ops/13.png\u001b[39m","time":"2021-03-18T06:55:57.305Z","v":0}
{"name":"hexo","hostname":"Nick.leandev.cn","pid":35080,"level":20,"msg":"Processed: \u001b[35msource/js/prettify.min.js\u001b[39m","time":"2021-03-18T06:55:57.305Z","v":0}
{"name":"hexo","hostname":"Nick.leandev.cn","pid":35080,"level":20,"msg":"Processed: \u001b[35m_posts/hbase-shell-ops/14.png\u001b[39m","time":"2021-03-18T06:55:57.305Z","v":0}
{"name":"hexo","hostname":"Nick.leandev.cn","pid":35080,"level":20,"msg":"Processed: \u001b[35msource/js/queue.js\u001b[39m","time":"2021-03-18T06:55:57.305Z","v":0}
{"name":"hexo","hostname":"Nick.leandev.cn","pid":35080,"level":20,"msg":"Processed: \u001b[35m_posts/hbase-shell-ops/15.png\u001b[39m","time":"2021-03-18T06:55:57.306Z","v":0}
{"name":"hexo","hostname":"Nick.leandev.cn","pid":35080,"level":20,"msg":"Processed: \u001b[35msource/js/queue.min.js\u001b[39m","time":"2021-03-18T06:55:57.306Z","v":0}
{"name":"hexo","hostname":"Nick.leandev.cn","pid":35080,"level":20,"msg":"Processed: \u001b[35m_posts/hbase-shell-ops/16.png\u001b[39m","time":"2021-03-18T06:55:57.306Z","v":0}
{"name":"hexo","hostname":"Nick.leandev.cn","pid":35080,"level":20,"msg":"Processed: \u001b[35msource/js/smoothscroll.js\u001b[39m","time":"2021-03-18T06:55:57.307Z","v":0}
{"name":"hexo","hostname":"Nick.leandev.cn","pid":35080,"level":20,"msg":"Processed: \u001b[35m_posts/hbase-shell-ops/17.png\u001b[39m","time":"2021-03-18T06:55:57.307Z","v":0}
{"name":"hexo","hostname":"Nick.leandev.cn","pid":35080,"level":20,"msg":"Processed: \u001b[35m_posts/hbase-shell-ops/18.png\u001b[39m","time":"2021-03-18T06:55:57.308Z","v":0}
{"name":"hexo","hostname":"Nick.leandev.cn","pid":35080,"level":20,"msg":"Processed: \u001b[35m_posts/hbase-shell-ops/19.png\u001b[39m","time":"2021-03-18T06:55:57.308Z","v":0}
{"name":"hexo","hostname":"Nick.leandev.cn","pid":35080,"level":20,"msg":"Processed: \u001b[35m_posts/hbase-shell-ops/2.png\u001b[39m","time":"2021-03-18T06:55:57.309Z","v":0}
{"name":"hexo","hostname":"Nick.leandev.cn","pid":35080,"level":20,"msg":"Processed: \u001b[35m_posts/hbase-shell-ops/20.png\u001b[39m","time":"2021-03-18T06:55:57.309Z","v":0}
{"name":"hexo","hostname":"Nick.leandev.cn","pid":35080,"level":20,"msg":"Processed: \u001b[35m_posts/hbase-shell-ops/21.png\u001b[39m","time":"2021-03-18T06:55:57.310Z","v":0}
{"name":"hexo","hostname":"Nick.leandev.cn","pid":35080,"level":20,"msg":"Processed: \u001b[35m_posts/hbase-shell-ops/22.png\u001b[39m","time":"2021-03-18T06:55:57.310Z","v":0}
{"name":"hexo","hostname":"Nick.leandev.cn","pid":35080,"level":20,"msg":"Processed: \u001b[35m_posts/hbase-shell-ops/23.png\u001b[39m","time":"2021-03-18T06:55:57.312Z","v":0}
{"name":"hexo","hostname":"Nick.leandev.cn","pid":35080,"level":20,"msg":"Processed: \u001b[35m_posts/hbase-shell-ops/24.png\u001b[39m","time":"2021-03-18T06:55:57.313Z","v":0}
{"name":"hexo","hostname":"Nick.leandev.cn","pid":35080,"level":20,"msg":"Processed: \u001b[35m_posts/hbase-shell-ops/25.png\u001b[39m","time":"2021-03-18T06:55:57.313Z","v":0}
{"name":"hexo","hostname":"Nick.leandev.cn","pid":35080,"level":20,"msg":"Processed: \u001b[35m_posts/hbase-shell-ops/26.png\u001b[39m","time":"2021-03-18T06:55:57.314Z","v":0}
{"name":"hexo","hostname":"Nick.leandev.cn","pid":35080,"level":20,"msg":"Processed: \u001b[35m_posts/hbase-shell-ops/27.png\u001b[39m","time":"2021-03-18T06:55:57.314Z","v":0}
{"name":"hexo","hostname":"Nick.leandev.cn","pid":35080,"level":20,"msg":"Processed: \u001b[35m_posts/hbase-shell-ops/28.png\u001b[39m","time":"2021-03-18T06:55:57.314Z","v":0}
{"name":"hexo","hostname":"Nick.leandev.cn","pid":35080,"level":20,"msg":"Processed: \u001b[35m_posts/hbase-shell-ops/29.png\u001b[39m","time":"2021-03-18T06:55:57.315Z","v":0}
{"name":"hexo","hostname":"Nick.leandev.cn","pid":35080,"level":20,"msg":"Processed: \u001b[35m_posts/hbase-shell-ops/3.png\u001b[39m","time":"2021-03-18T06:55:57.315Z","v":0}
{"name":"hexo","hostname":"Nick.leandev.cn","pid":35080,"level":20,"msg":"Processed: \u001b[35m_posts/hbase-shell-ops/30.png\u001b[39m","time":"2021-03-18T06:55:57.316Z","v":0}
{"name":"hexo","hostname":"Nick.leandev.cn","pid":35080,"level":20,"msg":"Processed: \u001b[35m_posts/hbase-shell-ops/31.png\u001b[39m","time":"2021-03-18T06:55:57.316Z","v":0}
{"name":"hexo","hostname":"Nick.leandev.cn","pid":35080,"level":20,"msg":"Processed: \u001b[35m_posts/hbase-shell-ops/32.png\u001b[39m","time":"2021-03-18T06:55:57.316Z","v":0}
{"name":"hexo","hostname":"Nick.leandev.cn","pid":35080,"level":20,"msg":"Processed: \u001b[35m_posts/hbase-shell-ops/33.png\u001b[39m","time":"2021-03-18T06:55:57.317Z","v":0}
{"name":"hexo","hostname":"Nick.leandev.cn","pid":35080,"level":20,"msg":"Processed: \u001b[35m_posts/hbase-shell-ops/34.png\u001b[39m","time":"2021-03-18T06:55:57.317Z","v":0}
{"name":"hexo","hostname":"Nick.leandev.cn","pid":35080,"level":20,"msg":"Processed: \u001b[35m_posts/hbase-shell-ops/5.png\u001b[39m","time":"2021-03-18T06:55:57.317Z","v":0}
{"name":"hexo","hostname":"Nick.leandev.cn","pid":35080,"level":20,"msg":"Processed: \u001b[35m_posts/hbase-shell-ops/4.png\u001b[39m","time":"2021-03-18T06:55:57.318Z","v":0}
{"name":"hexo","hostname":"Nick.leandev.cn","pid":35080,"level":20,"msg":"Processed: \u001b[35m_posts/hbase-shell-ops/6.png\u001b[39m","time":"2021-03-18T06:55:57.318Z","v":0}
{"name":"hexo","hostname":"Nick.leandev.cn","pid":35080,"level":20,"msg":"Processed: \u001b[35m_posts/hbase-shell-ops/7.png\u001b[39m","time":"2021-03-18T06:55:57.318Z","v":0}
{"name":"hexo","hostname":"Nick.leandev.cn","pid":35080,"level":20,"msg":"Processed: \u001b[35m_posts/hbase-shell-ops/8.png\u001b[39m","time":"2021-03-18T06:55:57.319Z","v":0}
{"name":"hexo","hostname":"Nick.leandev.cn","pid":35080,"level":20,"msg":"Processed: \u001b[35m_posts/hbase-shell-ops/9.png\u001b[39m","time":"2021-03-18T06:55:57.319Z","v":0}
{"name":"hexo","hostname":"Nick.leandev.cn","pid":35080,"level":20,"msg":"Processed: \u001b[35m_posts/hbase-shell-ops/clipboard.png\u001b[39m","time":"2021-03-18T06:55:57.319Z","v":0}
{"name":"hexo","hostname":"Nick.leandev.cn","pid":35080,"level":20,"msg":"Processed: \u001b[35m_posts/jadclipse/1.png\u001b[39m","time":"2021-03-18T06:55:57.320Z","v":0}
{"name":"hexo","hostname":"Nick.leandev.cn","pid":35080,"level":20,"msg":"Processed: \u001b[35m_posts/jadclipse/2.png\u001b[39m","time":"2021-03-18T06:55:57.320Z","v":0}
{"name":"hexo","hostname":"Nick.leandev.cn","pid":35080,"level":20,"msg":"Processed: \u001b[35m_posts/soul-gateway-src-code-learning-01/030_opt.jpg\u001b[39m","time":"2021-03-18T06:55:57.320Z","v":0}
{"name":"hexo","hostname":"Nick.leandev.cn","pid":35080,"level":20,"msg":"Processed: \u001b[35m_posts/soul-gateway-src-code-learning-03/00dubbo_plugin.png\u001b[39m","time":"2021-03-18T06:55:57.321Z","v":0}
{"name":"hexo","hostname":"Nick.leandev.cn","pid":35080,"level":20,"msg":"Processed: \u001b[35m_posts/soul-gateway-src-code-learning-03/01turn_on.jpg\u001b[39m","time":"2021-03-18T06:55:57.321Z","v":0}
{"name":"hexo","hostname":"Nick.leandev.cn","pid":35080,"level":20,"msg":"Processed: \u001b[35m_posts/soul-gateway-src-code-learning-04/01sofa_plugin_log.png\u001b[39m","time":"2021-03-18T06:55:57.322Z","v":0}
{"name":"hexo","hostname":"Nick.leandev.cn","pid":35080,"level":20,"msg":"Processed: \u001b[35m_posts/soul-gateway-src-code-learning-07/00sync_starters.png\u001b[39m","time":"2021-03-18T06:55:57.322Z","v":0}
{"name":"hexo","hostname":"Nick.leandev.cn","pid":35080,"level":20,"msg":"Processed: \u001b[35m_posts/soul-gateway-src-code-learning-11/00webhandler.png\u001b[39m","time":"2021-03-18T06:55:57.322Z","v":0}
{"name":"hexo","hostname":"Nick.leandev.cn","pid":35080,"level":20,"msg":"Processed: \u001b[35m_posts/soul-gateway-src-code-learning-12/00loadbalance_impls.png\u001b[39m","time":"2021-03-18T06:55:57.323Z","v":0}
{"name":"hexo","hostname":"Nick.leandev.cn","pid":35080,"level":20,"msg":"Processed: \u001b[35m_posts/thingstodoinubuntu/1.png\u001b[39m","time":"2021-03-18T06:55:57.323Z","v":0}
{"name":"hexo","hostname":"Nick.leandev.cn","pid":35080,"level":20,"msg":"Processed: \u001b[35m_posts/thingstodoinubuntu/10.png\u001b[39m","time":"2021-03-18T06:55:57.323Z","v":0}
{"name":"hexo","hostname":"Nick.leandev.cn","pid":35080,"level":20,"msg":"Processed: \u001b[35m_posts/thingstodoinubuntu/2.png\u001b[39m","time":"2021-03-18T06:55:57.324Z","v":0}
{"name":"hexo","hostname":"Nick.leandev.cn","pid":35080,"level":20,"msg":"Processed: \u001b[35m_posts/thingstodoinubuntu/5.png\u001b[39m","time":"2021-03-18T06:55:57.324Z","v":0}
{"name":"hexo","hostname":"Nick.leandev.cn","pid":35080,"level":20,"msg":"Processed: \u001b[35m_posts/thingstodoinubuntu/3.png\u001b[39m","time":"2021-03-18T06:55:57.324Z","v":0}
{"name":"hexo","hostname":"Nick.leandev.cn","pid":35080,"level":20,"msg":"Processed: \u001b[35m_posts/thingstodoinubuntu/4.png\u001b[39m","time":"2021-03-18T06:55:57.324Z","v":0}
{"name":"hexo","hostname":"Nick.leandev.cn","pid":35080,"level":20,"msg":"Processed: \u001b[35m_posts/thingstodoinubuntu/6.png\u001b[39m","time":"2021-03-18T06:55:57.325Z","v":0}
{"name":"hexo","hostname":"Nick.leandev.cn","pid":35080,"level":20,"msg":"Processed: \u001b[35m_posts/thingstodoinubuntu/7.png\u001b[39m","time":"2021-03-18T06:55:57.325Z","v":0}
{"name":"hexo","hostname":"Nick.leandev.cn","pid":35080,"level":20,"msg":"Processed: \u001b[35m_posts/thingstodoinubuntu/8.png\u001b[39m","time":"2021-03-18T06:55:57.325Z","v":0}
{"name":"hexo","hostname":"Nick.leandev.cn","pid":35080,"level":20,"msg":"Processed: \u001b[35m_posts/thingstodoinubuntu/9.png\u001b[39m","time":"2021-03-18T06:55:57.325Z","v":0}
{"name":"hexo","hostname":"Nick.leandev.cn","pid":35080,"level":20,"msg":"Processed: \u001b[35m_posts/ubuntu-server-install/10.png\u001b[39m","time":"2021-03-18T06:55:57.326Z","v":0}
{"name":"hexo","hostname":"Nick.leandev.cn","pid":35080,"level":20,"msg":"Processed: \u001b[35m_posts/ubuntu-server-install/13.png\u001b[39m","time":"2021-03-18T06:55:57.326Z","v":0}
{"name":"hexo","hostname":"Nick.leandev.cn","pid":35080,"level":20,"msg":"Processed: \u001b[35m_posts/ubuntu-server-install/14.png\u001b[39m","time":"2021-03-18T06:55:57.327Z","v":0}
{"name":"hexo","hostname":"Nick.leandev.cn","pid":35080,"level":20,"msg":"Processed: \u001b[35m_posts/ubuntu-server-install/15.png\u001b[39m","time":"2021-03-18T06:55:57.327Z","v":0}
{"name":"hexo","hostname":"Nick.leandev.cn","pid":35080,"level":20,"msg":"Processed: \u001b[35m_posts/ubuntu-server-install/16.png\u001b[39m","time":"2021-03-18T06:55:57.327Z","v":0}
{"name":"hexo","hostname":"Nick.leandev.cn","pid":35080,"level":20,"msg":"Processed: \u001b[35m_posts/ubuntu-server-install/17.png\u001b[39m","time":"2021-03-18T06:55:57.328Z","v":0}
{"name":"hexo","hostname":"Nick.leandev.cn","pid":35080,"level":20,"msg":"Processed: \u001b[35m_posts/ubuntu-server-install/19.png\u001b[39m","time":"2021-03-18T06:55:57.328Z","v":0}
{"name":"hexo","hostname":"Nick.leandev.cn","pid":35080,"level":20,"msg":"Processed: \u001b[35m_posts/ubuntu-server-install/20.png\u001b[39m","time":"2021-03-18T06:55:57.329Z","v":0}
{"name":"hexo","hostname":"Nick.leandev.cn","pid":35080,"level":20,"msg":"Processed: \u001b[35m_posts/ubuntu-server-install/18.png\u001b[39m","time":"2021-03-18T06:55:57.329Z","v":0}
{"name":"hexo","hostname":"Nick.leandev.cn","pid":35080,"level":20,"msg":"Processed: \u001b[35m_posts/ubuntu-server-install/22.png\u001b[39m","time":"2021-03-18T06:55:57.329Z","v":0}
{"name":"hexo","hostname":"Nick.leandev.cn","pid":35080,"level":20,"msg":"Processed: \u001b[35m_posts/ubuntu-server-install/21.png\u001b[39m","time":"2021-03-18T06:55:57.330Z","v":0}
{"name":"hexo","hostname":"Nick.leandev.cn","pid":35080,"level":20,"msg":"Processed: \u001b[35m_posts/ubuntu-server-install/23.png\u001b[39m","time":"2021-03-18T06:55:57.330Z","v":0}
{"name":"hexo","hostname":"Nick.leandev.cn","pid":35080,"level":20,"msg":"Processed: \u001b[35m_posts/ubuntu-server-install/24.png\u001b[39m","time":"2021-03-18T06:55:57.330Z","v":0}
{"name":"hexo","hostname":"Nick.leandev.cn","pid":35080,"level":20,"msg":"Processed: \u001b[35m_posts/ubuntu-server-install/25.png\u001b[39m","time":"2021-03-18T06:55:57.331Z","v":0}
{"name":"hexo","hostname":"Nick.leandev.cn","pid":35080,"level":20,"msg":"Processed: \u001b[35m_posts/ubuntu-server-install/26.png\u001b[39m","time":"2021-03-18T06:55:57.332Z","v":0}
{"name":"hexo","hostname":"Nick.leandev.cn","pid":35080,"level":20,"msg":"Processed: \u001b[35m_posts/ubuntu-server-install/27.png\u001b[39m","time":"2021-03-18T06:55:57.332Z","v":0}
{"name":"hexo","hostname":"Nick.leandev.cn","pid":35080,"level":20,"msg":"Processed: \u001b[35m_posts/ubuntu-server-install/28.png\u001b[39m","time":"2021-03-18T06:55:57.332Z","v":0}
{"name":"hexo","hostname":"Nick.leandev.cn","pid":35080,"level":20,"msg":"Processed: \u001b[35m_posts/ubuntu-server-install/29.png\u001b[39m","time":"2021-03-18T06:55:57.333Z","v":0}
{"name":"hexo","hostname":"Nick.leandev.cn","pid":35080,"level":20,"msg":"Processed: \u001b[35m_posts/ubuntu-server-install/31.png\u001b[39m","time":"2021-03-18T06:55:57.333Z","v":0}
{"name":"hexo","hostname":"Nick.leandev.cn","pid":35080,"level":20,"msg":"Processed: \u001b[35m_posts/ubuntu-server-install/3.png\u001b[39m","time":"2021-03-18T06:55:57.333Z","v":0}
{"name":"hexo","hostname":"Nick.leandev.cn","pid":35080,"level":20,"msg":"Processed: \u001b[35m_posts/ubuntu-server-install/32.png\u001b[39m","time":"2021-03-18T06:55:57.333Z","v":0}
{"name":"hexo","hostname":"Nick.leandev.cn","pid":35080,"level":20,"msg":"Processed: \u001b[35m_posts/ubuntu-server-install/30.png\u001b[39m","time":"2021-03-18T06:55:57.334Z","v":0}
{"name":"hexo","hostname":"Nick.leandev.cn","pid":35080,"level":20,"msg":"Processed: \u001b[35m_posts/ubuntu-server-install/33.png\u001b[39m","time":"2021-03-18T06:55:57.334Z","v":0}
{"name":"hexo","hostname":"Nick.leandev.cn","pid":35080,"level":20,"msg":"Processed: \u001b[35m_posts/ubuntu-server-install/34.png\u001b[39m","time":"2021-03-18T06:55:57.335Z","v":0}
{"name":"hexo","hostname":"Nick.leandev.cn","pid":35080,"level":20,"msg":"Processed: \u001b[35m_posts/ubuntu-server-install/36.png\u001b[39m","time":"2021-03-18T06:55:57.335Z","v":0}
{"name":"hexo","hostname":"Nick.leandev.cn","pid":35080,"level":20,"msg":"Processed: \u001b[35m_posts/ubuntu-server-install/35.png\u001b[39m","time":"2021-03-18T06:55:57.335Z","v":0}
{"name":"hexo","hostname":"Nick.leandev.cn","pid":35080,"level":20,"msg":"Processed: \u001b[35m_posts/ubuntu-server-install/37.png\u001b[39m","time":"2021-03-18T06:55:57.336Z","v":0}
{"name":"hexo","hostname":"Nick.leandev.cn","pid":35080,"level":20,"msg":"Processed: \u001b[35m_posts/ubuntu-server-install/38.png\u001b[39m","time":"2021-03-18T06:55:57.336Z","v":0}
{"name":"hexo","hostname":"Nick.leandev.cn","pid":35080,"level":20,"msg":"Processed: \u001b[35m_posts/ubuntu-server-install/39.png\u001b[39m","time":"2021-03-18T06:55:57.336Z","v":0}
{"name":"hexo","hostname":"Nick.leandev.cn","pid":35080,"level":20,"msg":"Processed: \u001b[35m_posts/ubuntu-server-install/40.png\u001b[39m","time":"2021-03-18T06:55:57.336Z","v":0}
{"name":"hexo","hostname":"Nick.leandev.cn","pid":35080,"level":20,"msg":"Processed: \u001b[35m_posts/ubuntu-server-install/41.png\u001b[39m","time":"2021-03-18T06:55:57.337Z","v":0}
{"name":"hexo","hostname":"Nick.leandev.cn","pid":35080,"level":20,"msg":"Processed: \u001b[35m_posts/ubuntu-server-install/4.png\u001b[39m","time":"2021-03-18T06:55:57.337Z","v":0}
{"name":"hexo","hostname":"Nick.leandev.cn","pid":35080,"level":20,"msg":"Processed: \u001b[35m_posts/ubuntu-server-install/42.png\u001b[39m","time":"2021-03-18T06:55:57.337Z","v":0}
{"name":"hexo","hostname":"Nick.leandev.cn","pid":35080,"level":20,"msg":"Processed: \u001b[35m_posts/ubuntu-server-install/43.png\u001b[39m","time":"2021-03-18T06:55:57.337Z","v":0}
{"name":"hexo","hostname":"Nick.leandev.cn","pid":35080,"level":20,"msg":"Processed: \u001b[35m_posts/ubuntu-server-install/44.png\u001b[39m","time":"2021-03-18T06:55:57.338Z","v":0}
{"name":"hexo","hostname":"Nick.leandev.cn","pid":35080,"level":20,"msg":"Processed: \u001b[35m_posts/ubuntu-server-install/45.png\u001b[39m","time":"2021-03-18T06:55:57.338Z","v":0}
{"name":"hexo","hostname":"Nick.leandev.cn","pid":35080,"level":20,"msg":"Processed: \u001b[35m_posts/ubuntu-server-install/46.png\u001b[39m","time":"2021-03-18T06:55:57.338Z","v":0}
{"name":"hexo","hostname":"Nick.leandev.cn","pid":35080,"level":20,"msg":"Processed: \u001b[35m_posts/ubuntu-server-install/47.png\u001b[39m","time":"2021-03-18T06:55:57.338Z","v":0}
{"name":"hexo","hostname":"Nick.leandev.cn","pid":35080,"level":20,"msg":"Processed: \u001b[35m_posts/ubuntu-server-install/48.png\u001b[39m","time":"2021-03-18T06:55:57.339Z","v":0}
{"name":"hexo","hostname":"Nick.leandev.cn","pid":35080,"level":20,"msg":"Processed: \u001b[35m_posts/ubuntu-server-install/49.png\u001b[39m","time":"2021-03-18T06:55:57.339Z","v":0}
{"name":"hexo","hostname":"Nick.leandev.cn","pid":35080,"level":20,"msg":"Processed: \u001b[35m_posts/ubuntu-server-install/5.png\u001b[39m","time":"2021-03-18T06:55:57.340Z","v":0}
{"name":"hexo","hostname":"Nick.leandev.cn","pid":35080,"level":20,"msg":"Processed: \u001b[35m_posts/ubuntu-server-install/6.png\u001b[39m","time":"2021-03-18T06:55:57.340Z","v":0}
{"name":"hexo","hostname":"Nick.leandev.cn","pid":35080,"level":20,"msg":"Processed: \u001b[35m_posts/ubuntu-server-install/7.png\u001b[39m","time":"2021-03-18T06:55:57.340Z","v":0}
{"name":"hexo","hostname":"Nick.leandev.cn","pid":35080,"level":20,"msg":"Processed: \u001b[35mlayout/index.ejs\u001b[39m","time":"2021-03-18T06:55:57.354Z","v":0}
{"name":"hexo","hostname":"Nick.leandev.cn","pid":35080,"level":20,"msg":"Processed: \u001b[35mlayout/post.ejs\u001b[39m","time":"2021-03-18T06:55:57.354Z","v":0}
{"name":"hexo","hostname":"Nick.leandev.cn","pid":35080,"level":20,"msg":"Processed: \u001b[35mlayout/layout.ejs\u001b[39m","time":"2021-03-18T06:55:57.355Z","v":0}
{"name":"hexo","hostname":"Nick.leandev.cn","pid":35080,"level":20,"msg":"Processed: \u001b[35mlanguages/de.yml\u001b[39m","time":"2021-03-18T06:55:57.384Z","v":0}
{"name":"hexo","hostname":"Nick.leandev.cn","pid":35080,"level":20,"msg":"Processed: \u001b[35mlanguages/ar.yml\u001b[39m","time":"2021-03-18T06:55:57.384Z","v":0}
{"name":"hexo","hostname":"Nick.leandev.cn","pid":35080,"level":20,"msg":"Processed: \u001b[35mlanguages/fr.yml\u001b[39m","time":"2021-03-18T06:55:57.384Z","v":0}
{"name":"hexo","hostname":"Nick.leandev.cn","pid":35080,"level":20,"msg":"Processed: \u001b[35mlanguages/ja.yml\u001b[39m","time":"2021-03-18T06:55:57.384Z","v":0}
{"name":"hexo","hostname":"Nick.leandev.cn","pid":35080,"level":20,"msg":"Processed: \u001b[35mlanguages/es.yml\u001b[39m","time":"2021-03-18T06:55:57.384Z","v":0}
{"name":"hexo","hostname":"Nick.leandev.cn","pid":35080,"level":20,"msg":"Processed: \u001b[35mlanguages/en.yml\u001b[39m","time":"2021-03-18T06:55:57.384Z","v":0}
{"name":"hexo","hostname":"Nick.leandev.cn","pid":35080,"level":20,"msg":"Processed: \u001b[35mlanguages/ko.yml\u001b[39m","time":"2021-03-18T06:55:57.384Z","v":0}
{"name":"hexo","hostname":"Nick.leandev.cn","pid":35080,"level":20,"msg":"Processed: \u001b[35mlanguages/ms.yml\u001b[39m","time":"2021-03-18T06:55:57.384Z","v":0}
{"name":"hexo","hostname":"Nick.leandev.cn","pid":35080,"level":20,"msg":"Processed: \u001b[35mlanguages/nl_NL.yml\u001b[39m","time":"2021-03-18T06:55:57.384Z","v":0}
{"name":"hexo","hostname":"Nick.leandev.cn","pid":35080,"level":20,"msg":"Processed: \u001b[35mlanguages/pt-BR.yml\u001b[39m","time":"2021-03-18T06:55:57.384Z","v":0}
{"name":"hexo","hostname":"Nick.leandev.cn","pid":35080,"level":20,"msg":"Processed: \u001b[35mlanguages/ru.yml\u001b[39m","time":"2021-03-18T06:55:57.384Z","v":0}
{"name":"hexo","hostname":"Nick.leandev.cn","pid":35080,"level":20,"msg":"Processed: \u001b[35mlanguages/zh-CN.yml\u001b[39m","time":"2021-03-18T06:55:57.385Z","v":0}
{"name":"hexo","hostname":"Nick.leandev.cn","pid":35080,"level":20,"msg":"Processed: \u001b[35mlanguages/zh-TW.yml\u001b[39m","time":"2021-03-18T06:55:57.385Z","v":0}
{"name":"hexo","hostname":"Nick.leandev.cn","pid":35080,"level":20,"msg":"Processed: \u001b[35m_posts/docker-helloworld/4.png\u001b[39m","time":"2021-03-18T06:55:57.385Z","v":0}
{"name":"hexo","hostname":"Nick.leandev.cn","pid":35080,"level":20,"msg":"Processed: \u001b[35msource/fonts/MaterialIcons-Regular.ttf\u001b[39m","time":"2021-03-18T06:55:57.385Z","v":0}
{"name":"hexo","hostname":"Nick.leandev.cn","pid":35080,"level":20,"msg":"Processed: \u001b[35m_posts/hadoop-hbase-cluster-on-ubuntu/16.png\u001b[39m","time":"2021-03-18T06:55:57.386Z","v":0}
{"name":"hexo","hostname":"Nick.leandev.cn","pid":35080,"level":20,"msg":"Processed: \u001b[35msource/fonts/fontawesome-webfont.woff\u001b[39m","time":"2021-03-18T06:55:57.386Z","v":0}
{"name":"hexo","hostname":"Nick.leandev.cn","pid":35080,"level":20,"msg":"Processed: \u001b[35m_posts/hadoop-hbase-cluster-on-ubuntu/17.png\u001b[39m","time":"2021-03-18T06:55:57.386Z","v":0}
{"name":"hexo","hostname":"Nick.leandev.cn","pid":35080,"level":20,"msg":"Processed: \u001b[35msource/fonts/fontawesome-webfont.woff2\u001b[39m","time":"2021-03-18T06:55:57.386Z","v":0}
{"name":"hexo","hostname":"Nick.leandev.cn","pid":35080,"level":20,"msg":"Processed: \u001b[35m_posts/jadclipse/3.png\u001b[39m","time":"2021-03-18T06:55:57.387Z","v":0}
{"name":"hexo","hostname":"Nick.leandev.cn","pid":35080,"level":20,"msg":"Processed: \u001b[35msource/css/material.css\u001b[39m","time":"2021-03-18T06:55:57.387Z","v":0}
{"name":"hexo","hostname":"Nick.leandev.cn","pid":35080,"level":20,"msg":"Processed: \u001b[35m_posts/nginx-guide/3.png\u001b[39m","time":"2021-03-18T06:55:57.387Z","v":0}
{"name":"hexo","hostname":"Nick.leandev.cn","pid":35080,"level":20,"msg":"Processed: \u001b[35msource/css/material.min.css\u001b[39m","time":"2021-03-18T06:55:57.387Z","v":0}
{"name":"hexo","hostname":"Nick.leandev.cn","pid":35080,"level":20,"msg":"Processed: \u001b[35m_posts/nginx-guide/4.png\u001b[39m","time":"2021-03-18T06:55:57.388Z","v":0}
{"name":"hexo","hostname":"Nick.leandev.cn","pid":35080,"level":20,"msg":"Processed: \u001b[35msource/css/style.css\u001b[39m","time":"2021-03-18T06:55:57.388Z","v":0}
{"name":"hexo","hostname":"Nick.leandev.cn","pid":35080,"level":20,"msg":"Processed: \u001b[35m_posts/nginx-guide/5.png\u001b[39m","time":"2021-03-18T06:55:57.388Z","v":0}
{"name":"hexo","hostname":"Nick.leandev.cn","pid":35080,"level":20,"msg":"Processed: \u001b[35msource/css/style.min.css\u001b[39m","time":"2021-03-18T06:55:57.388Z","v":0}
{"name":"hexo","hostname":"Nick.leandev.cn","pid":35080,"level":20,"msg":"Processed: \u001b[35m_posts/soul-gateway-src-code-learning-01/00login.png\u001b[39m","time":"2021-03-18T06:55:57.388Z","v":0}
{"name":"hexo","hostname":"Nick.leandev.cn","pid":35080,"level":20,"msg":"Processed: \u001b[35msource/img/daily_pic.png\u001b[39m","time":"2021-03-18T06:55:57.388Z","v":0}
{"name":"hexo","hostname":"Nick.leandev.cn","pid":35080,"level":20,"msg":"Processed: \u001b[35m_posts/soul-gateway-src-code-learning-10/00parallel_run.jpg\u001b[39m","time":"2021-03-18T06:55:57.389Z","v":0}
{"name":"hexo","hostname":"Nick.leandev.cn","pid":35080,"level":20,"msg":"Processed: \u001b[35msource/js/jquery.min.js\u001b[39m","time":"2021-03-18T06:55:57.389Z","v":0}
{"name":"hexo","hostname":"Nick.leandev.cn","pid":35080,"level":20,"msg":"Processed: \u001b[35m_posts/ubuntu-server-install/1.png\u001b[39m","time":"2021-03-18T06:55:57.389Z","v":0}
{"name":"hexo","hostname":"Nick.leandev.cn","pid":35080,"level":20,"msg":"Processed: \u001b[35msource/js/js.js\u001b[39m","time":"2021-03-18T06:55:57.389Z","v":0}
{"name":"hexo","hostname":"Nick.leandev.cn","pid":35080,"level":20,"msg":"Processed: \u001b[35m_posts/ubuntu-server-install/12.png\u001b[39m","time":"2021-03-18T06:55:57.390Z","v":0}
{"name":"hexo","hostname":"Nick.leandev.cn","pid":35080,"level":20,"msg":"Processed: \u001b[35msource/js/js.min.js\u001b[39m","time":"2021-03-18T06:55:57.390Z","v":0}
{"name":"hexo","hostname":"Nick.leandev.cn","pid":35080,"level":20,"msg":"Processed: \u001b[35m_posts/ubuntu-server-install/11.png\u001b[39m","time":"2021-03-18T06:55:57.390Z","v":0}
{"name":"hexo","hostname":"Nick.leandev.cn","pid":35080,"level":20,"msg":"Processed: \u001b[35m_posts/ubuntu-server-install/2.png\u001b[39m","time":"2021-03-18T06:55:57.390Z","v":0}
{"name":"hexo","hostname":"Nick.leandev.cn","pid":35080,"level":20,"msg":"Processed: \u001b[35m_posts/ubuntu-server-install/8.png\u001b[39m","time":"2021-03-18T06:55:57.390Z","v":0}
{"name":"hexo","hostname":"Nick.leandev.cn","pid":35080,"level":20,"msg":"Processed: \u001b[35mlayout/_partial/Isolation-post-info.ejs\u001b[39m","time":"2021-03-18T06:55:57.396Z","v":0}
{"name":"hexo","hostname":"Nick.leandev.cn","pid":35080,"level":20,"msg":"Processed: \u001b[35m_posts/jadclipse/4.png\u001b[39m","time":"2021-03-18T06:55:57.407Z","v":0}
{"name":"hexo","hostname":"Nick.leandev.cn","pid":35080,"level":20,"msg":"Processed: \u001b[35msource/fonts/FontAwesome.otf\u001b[39m","time":"2021-03-18T06:55:57.407Z","v":0}
{"name":"hexo","hostname":"Nick.leandev.cn","pid":35080,"level":20,"msg":"Processed: \u001b[35m_posts/nginx-guide/1.png\u001b[39m","time":"2021-03-18T06:55:57.407Z","v":0}
{"name":"hexo","hostname":"Nick.leandev.cn","pid":35080,"level":20,"msg":"Processed: \u001b[35msource/fonts/MaterialIcons-Regular.eot\u001b[39m","time":"2021-03-18T06:55:57.407Z","v":0}
{"name":"hexo","hostname":"Nick.leandev.cn","pid":35080,"level":20,"msg":"Processed: \u001b[35m_posts/soul-gateway-src-code-learning-07/02sync_button.jpg\u001b[39m","time":"2021-03-18T06:55:57.408Z","v":0}
{"name":"hexo","hostname":"Nick.leandev.cn","pid":35080,"level":20,"msg":"Processed: \u001b[35msource/fonts/fontawesome-webfont.eot\u001b[39m","time":"2021-03-18T06:55:57.408Z","v":0}
{"name":"hexo","hostname":"Nick.leandev.cn","pid":35080,"level":20,"msg":"Processed: \u001b[35m_posts/ubuntu-server-install/9.png\u001b[39m","time":"2021-03-18T06:55:57.408Z","v":0}
{"name":"hexo","hostname":"Nick.leandev.cn","pid":35080,"level":20,"msg":"Processed: \u001b[35msource/fonts/fontawesome-webfont.ttf\u001b[39m","time":"2021-03-18T06:55:57.408Z","v":0}
{"name":"hexo","hostname":"Nick.leandev.cn","pid":35080,"level":20,"msg":"Processed: \u001b[35msource/css/prettify/atelier-cave-light.min.css\u001b[39m","time":"2021-03-18T06:55:57.408Z","v":0}
{"name":"hexo","hostname":"Nick.leandev.cn","pid":35080,"level":20,"msg":"Processed: \u001b[35msource/css/prettify/atelier-dune-dark.min.css\u001b[39m","time":"2021-03-18T06:55:57.409Z","v":0}
{"name":"hexo","hostname":"Nick.leandev.cn","pid":35080,"level":20,"msg":"Processed: \u001b[35msource/css/prettify/atelier-dune-light.min.css\u001b[39m","time":"2021-03-18T06:55:57.410Z","v":0}
{"name":"hexo","hostname":"Nick.leandev.cn","pid":35080,"level":20,"msg":"Processed: \u001b[35msource/css/prettify/atelier-estuary-dark.min.css\u001b[39m","time":"2021-03-18T06:55:57.411Z","v":0}
{"name":"hexo","hostname":"Nick.leandev.cn","pid":35080,"level":20,"msg":"Processed: \u001b[35msource/css/prettify/atelier-forest-dark.min.css\u001b[39m","time":"2021-03-18T06:55:57.411Z","v":0}
{"name":"hexo","hostname":"Nick.leandev.cn","pid":35080,"level":20,"msg":"Processed: \u001b[35msource/css/prettify/atelier-estuary-light.min.css\u001b[39m","time":"2021-03-18T06:55:57.411Z","v":0}
{"name":"hexo","hostname":"Nick.leandev.cn","pid":35080,"level":20,"msg":"Processed: \u001b[35msource/css/prettify/atelier-forest-light.min.css\u001b[39m","time":"2021-03-18T06:55:57.411Z","v":0}
{"name":"hexo","hostname":"Nick.leandev.cn","pid":35080,"level":20,"msg":"Processed: \u001b[35msource/css/prettify/atelier-heath-dark.min.css\u001b[39m","time":"2021-03-18T06:55:57.412Z","v":0}
{"name":"hexo","hostname":"Nick.leandev.cn","pid":35080,"level":20,"msg":"Processed: \u001b[35msource/css/prettify/atelier-heath-light.min.css\u001b[39m","time":"2021-03-18T06:55:57.412Z","v":0}
{"name":"hexo","hostname":"Nick.leandev.cn","pid":35080,"level":20,"msg":"Processed: \u001b[35msource/css/prettify/atelier-lakeside-dark.min.css\u001b[39m","time":"2021-03-18T06:55:57.412Z","v":0}
{"name":"hexo","hostname":"Nick.leandev.cn","pid":35080,"level":20,"msg":"Processed: \u001b[35msource/css/prettify/atelier-lakeside-light.min.css\u001b[39m","time":"2021-03-18T06:55:57.412Z","v":0}
{"name":"hexo","hostname":"Nick.leandev.cn","pid":35080,"level":20,"msg":"Processed: \u001b[35msource/css/prettify/atelier-plateau-dark.min.css\u001b[39m","time":"2021-03-18T06:55:57.412Z","v":0}
{"name":"hexo","hostname":"Nick.leandev.cn","pid":35080,"level":20,"msg":"Processed: \u001b[35msource/css/prettify/atelier-savanna-dark.min.css\u001b[39m","time":"2021-03-18T06:55:57.413Z","v":0}
{"name":"hexo","hostname":"Nick.leandev.cn","pid":35080,"level":20,"msg":"Processed: \u001b[35msource/css/prettify/atelier-plateau-light.min.css\u001b[39m","time":"2021-03-18T06:55:57.413Z","v":0}
{"name":"hexo","hostname":"Nick.leandev.cn","pid":35080,"level":20,"msg":"Processed: \u001b[35msource/css/prettify/atelier-savanna-light.min.css\u001b[39m","time":"2021-03-18T06:55:57.413Z","v":0}
{"name":"hexo","hostname":"Nick.leandev.cn","pid":35080,"level":20,"msg":"Processed: \u001b[35msource/css/prettify/atelier-seaside-dark.min.css\u001b[39m","time":"2021-03-18T06:55:57.413Z","v":0}
{"name":"hexo","hostname":"Nick.leandev.cn","pid":35080,"level":20,"msg":"Processed: \u001b[35msource/css/prettify/atelier-seaside-light.min.css\u001b[39m","time":"2021-03-18T06:55:57.413Z","v":0}
{"name":"hexo","hostname":"Nick.leandev.cn","pid":35080,"level":20,"msg":"Processed: \u001b[35msource/css/prettify/atelier-sulphurpool-dark.min.css\u001b[39m","time":"2021-03-18T06:55:57.413Z","v":0}
{"name":"hexo","hostname":"Nick.leandev.cn","pid":35080,"level":20,"msg":"Processed: \u001b[35msource/css/prettify/atelier-sulphurpool-light.min.css\u001b[39m","time":"2021-03-18T06:55:57.414Z","v":0}
{"name":"hexo","hostname":"Nick.leandev.cn","pid":35080,"level":20,"msg":"Processed: \u001b[35msource/css/prettify/github-v2.min.css\u001b[39m","time":"2021-03-18T06:55:57.414Z","v":0}
{"name":"hexo","hostname":"Nick.leandev.cn","pid":35080,"level":20,"msg":"Processed: \u001b[35msource/css/prettify/github.min.css\u001b[39m","time":"2021-03-18T06:55:57.414Z","v":0}
{"name":"hexo","hostname":"Nick.leandev.cn","pid":35080,"level":20,"msg":"Processed: \u001b[35msource/css/prettify/hemisu-dark.min.css\u001b[39m","time":"2021-03-18T06:55:57.414Z","v":0}
{"name":"hexo","hostname":"Nick.leandev.cn","pid":35080,"level":20,"msg":"Processed: \u001b[35msource/css/prettify/hemisu-light.min.css\u001b[39m","time":"2021-03-18T06:55:57.414Z","v":0}
{"name":"hexo","hostname":"Nick.leandev.cn","pid":35080,"level":20,"msg":"Processed: \u001b[35msource/css/prettify/tomorrow-night-blue.min.css\u001b[39m","time":"2021-03-18T06:55:57.414Z","v":0}
{"name":"hexo","hostname":"Nick.leandev.cn","pid":35080,"level":20,"msg":"Processed: \u001b[35msource/css/prettify/tomorrow-night-bright.min.css\u001b[39m","time":"2021-03-18T06:55:57.414Z","v":0}
{"name":"hexo","hostname":"Nick.leandev.cn","pid":35080,"level":20,"msg":"Processed: \u001b[35msource/css/prettify/tomorrow-night-eighties.min.css\u001b[39m","time":"2021-03-18T06:55:57.415Z","v":0}
{"name":"hexo","hostname":"Nick.leandev.cn","pid":35080,"level":20,"msg":"Processed: \u001b[35msource/css/prettify/tomorrow-night.min.css\u001b[39m","time":"2021-03-18T06:55:57.415Z","v":0}
{"name":"hexo","hostname":"Nick.leandev.cn","pid":35080,"level":20,"msg":"Processed: \u001b[35msource/css/prettify/tomorrow.min.css\u001b[39m","time":"2021-03-18T06:55:57.415Z","v":0}
{"name":"hexo","hostname":"Nick.leandev.cn","pid":35080,"level":20,"msg":"Processed: \u001b[35msource/css/prettify/tranquil-heart.min.css\u001b[39m","time":"2021-03-18T06:55:57.415Z","v":0}
{"name":"hexo","hostname":"Nick.leandev.cn","pid":35080,"level":20,"msg":"Processed: \u001b[35msource/css/prettify/vibrant-ink.min.css\u001b[39m","time":"2021-03-18T06:55:57.416Z","v":0}
{"name":"hexo","hostname":"Nick.leandev.cn","pid":35080,"level":20,"msg":"Processed: \u001b[35msource/img/footer/footer_ico-bilibili.svg\u001b[39m","time":"2021-03-18T06:55:57.416Z","v":0}
{"name":"hexo","hostname":"Nick.leandev.cn","pid":35080,"level":20,"msg":"Processed: \u001b[35msource/img/footer/footer_ico-facebook.svg\u001b[39m","time":"2021-03-18T06:55:57.416Z","v":0}
{"name":"hexo","hostname":"Nick.leandev.cn","pid":35080,"level":20,"msg":"Processed: \u001b[35msource/img/footer/footer_ico-github.svg\u001b[39m","time":"2021-03-18T06:55:57.416Z","v":0}
{"name":"hexo","hostname":"Nick.leandev.cn","pid":35080,"level":20,"msg":"Processed: \u001b[35msource/img/footer/footer_ico-gplus.svg\u001b[39m","time":"2021-03-18T06:55:57.416Z","v":0}
{"name":"hexo","hostname":"Nick.leandev.cn","pid":35080,"level":20,"msg":"Processed: \u001b[35msource/img/footer/footer_ico-instagram.svg\u001b[39m","time":"2021-03-18T06:55:57.416Z","v":0}
{"name":"hexo","hostname":"Nick.leandev.cn","pid":35080,"level":20,"msg":"Processed: \u001b[35msource/img/footer/footer_ico-linkedin.svg\u001b[39m","time":"2021-03-18T06:55:57.416Z","v":0}
{"name":"hexo","hostname":"Nick.leandev.cn","pid":35080,"level":20,"msg":"Processed: \u001b[35msource/img/footer/footer_ico-segmentfault.svg\u001b[39m","time":"2021-03-18T06:55:57.416Z","v":0}
{"name":"hexo","hostname":"Nick.leandev.cn","pid":35080,"level":20,"msg":"Processed: \u001b[35msource/img/footer/footer_ico-telegram.svg\u001b[39m","time":"2021-03-18T06:55:57.416Z","v":0}
{"name":"hexo","hostname":"Nick.leandev.cn","pid":35080,"level":20,"msg":"Processed: \u001b[35msource/img/footer/footer_ico-tumblr.svg\u001b[39m","time":"2021-03-18T06:55:57.417Z","v":0}
{"name":"hexo","hostname":"Nick.leandev.cn","pid":35080,"level":20,"msg":"Processed: \u001b[35msource/img/footer/footer_ico-twitter.svg\u001b[39m","time":"2021-03-18T06:55:57.417Z","v":0}
{"name":"hexo","hostname":"Nick.leandev.cn","pid":35080,"level":20,"msg":"Processed: \u001b[35msource/img/footer/footer_ico-v2ex.svg\u001b[39m","time":"2021-03-18T06:55:57.417Z","v":0}
{"name":"hexo","hostname":"Nick.leandev.cn","pid":35080,"level":20,"msg":"Processed: \u001b[35msource/img/footer/footer_ico-weibo.svg\u001b[39m","time":"2021-03-18T06:55:57.417Z","v":0}
{"name":"hexo","hostname":"Nick.leandev.cn","pid":35080,"level":20,"msg":"Processed: \u001b[35msource/img/footer/footer_ico-zhihu.svg\u001b[39m","time":"2021-03-18T06:55:57.417Z","v":0}
{"name":"hexo","hostname":"Nick.leandev.cn","pid":35080,"level":20,"msg":"Processed: \u001b[35msource/img/gallery/arrow.svg\u001b[39m","time":"2021-03-18T06:55:57.417Z","v":0}
{"name":"hexo","hostname":"Nick.leandev.cn","pid":35080,"level":20,"msg":"Processed: \u001b[35msource/img/gallery/close.svg\u001b[39m","time":"2021-03-18T06:55:57.417Z","v":0}
{"name":"hexo","hostname":"Nick.leandev.cn","pid":35080,"level":20,"msg":"Processed: \u001b[35msource/img/gallery/spinner.svg\u001b[39m","time":"2021-03-18T06:55:57.418Z","v":0}
{"name":"hexo","hostname":"Nick.leandev.cn","pid":35080,"level":20,"msg":"Processed: \u001b[35msource/img/random/material-10.png\u001b[39m","time":"2021-03-18T06:55:57.418Z","v":0}
{"name":"hexo","hostname":"Nick.leandev.cn","pid":35080,"level":20,"msg":"Processed: \u001b[35msource/img/random/material-12.png\u001b[39m","time":"2021-03-18T06:55:57.418Z","v":0}
{"name":"hexo","hostname":"Nick.leandev.cn","pid":35080,"level":20,"msg":"Processed: \u001b[35msource/img/random/material-17.png\u001b[39m","time":"2021-03-18T06:55:57.418Z","v":0}
{"name":"hexo","hostname":"Nick.leandev.cn","pid":35080,"level":20,"msg":"Processed: \u001b[35msource/img/random/material-3.png\u001b[39m","time":"2021-03-18T06:55:57.418Z","v":0}
{"name":"hexo","hostname":"Nick.leandev.cn","pid":35080,"level":20,"msg":"Processed: \u001b[35msource/img/random/material-4.png\u001b[39m","time":"2021-03-18T06:55:57.419Z","v":0}
{"name":"hexo","hostname":"Nick.leandev.cn","pid":35080,"level":20,"msg":"Processed: \u001b[35msource/img/random/material-19.png\u001b[39m","time":"2021-03-18T06:55:57.419Z","v":0}
{"name":"hexo","hostname":"Nick.leandev.cn","pid":35080,"level":20,"msg":"Processed: \u001b[35msource/img/random/material-8.png\u001b[39m","time":"2021-03-18T06:55:57.419Z","v":0}
{"name":"hexo","hostname":"Nick.leandev.cn","pid":35080,"level":20,"msg":"Processed: \u001b[35msource/img/random/material-9.png\u001b[39m","time":"2021-03-18T06:55:57.419Z","v":0}
{"name":"hexo","hostname":"Nick.leandev.cn","pid":35080,"level":20,"msg":"Processed: \u001b[35msource/img/random/material-6.png\u001b[39m","time":"2021-03-18T06:55:57.419Z","v":0}
{"name":"hexo","hostname":"Nick.leandev.cn","pid":35080,"level":20,"msg":"Processed: \u001b[35mlayout/_partial/Isolation-post_entry.ejs\u001b[39m","time":"2021-03-18T06:55:57.441Z","v":0}
{"name":"hexo","hostname":"Nick.leandev.cn","pid":35080,"level":20,"msg":"Processed: \u001b[35mlayout/_partial/Paradox-post-thumbnail.ejs\u001b[39m","time":"2021-03-18T06:55:57.441Z","v":0}
{"name":"hexo","hostname":"Nick.leandev.cn","pid":35080,"level":20,"msg":"Processed: \u001b[35mlayout/_partial/Paradox-search.ejs\u001b[39m","time":"2021-03-18T06:55:57.441Z","v":0}
{"name":"hexo","hostname":"Nick.leandev.cn","pid":35080,"level":20,"msg":"Processed: \u001b[35mlayout/_partial/Paradox-post_entry-thumbnail.ejs\u001b[39m","time":"2021-03-18T06:55:57.441Z","v":0}
{"name":"hexo","hostname":"Nick.leandev.cn","pid":35080,"level":20,"msg":"Processed: \u001b[35mlayout/_partial/Paradox-post-info.ejs\u001b[39m","time":"2021-03-18T06:55:57.442Z","v":0}
{"name":"hexo","hostname":"Nick.leandev.cn","pid":35080,"level":20,"msg":"Processed: \u001b[35mlayout/_partial/blog_info.ejs\u001b[39m","time":"2021-03-18T06:55:57.442Z","v":0}
{"name":"hexo","hostname":"Nick.leandev.cn","pid":35080,"level":20,"msg":"Processed: \u001b[35mlayout/_partial/Paradox-post_entry.ejs\u001b[39m","time":"2021-03-18T06:55:57.442Z","v":0}
{"name":"hexo","hostname":"Nick.leandev.cn","pid":35080,"level":20,"msg":"Processed: \u001b[35mlayout/_partial/comment.ejs\u001b[39m","time":"2021-03-18T06:55:57.442Z","v":0}
{"name":"hexo","hostname":"Nick.leandev.cn","pid":35080,"level":20,"msg":"Processed: \u001b[35mlayout/_partial/config_css.ejs\u001b[39m","time":"2021-03-18T06:55:57.442Z","v":0}
{"name":"hexo","hostname":"Nick.leandev.cn","pid":35080,"level":20,"msg":"Processed: \u001b[35mlayout/_partial/config_font.ejs\u001b[39m","time":"2021-03-18T06:55:57.442Z","v":0}
{"name":"hexo","hostname":"Nick.leandev.cn","pid":35080,"level":20,"msg":"Processed: \u001b[35mlayout/_partial/daily_pic.ejs\u001b[39m","time":"2021-03-18T06:55:57.442Z","v":0}
{"name":"hexo","hostname":"Nick.leandev.cn","pid":35080,"level":20,"msg":"Processed: \u001b[35mlayout/_partial/footer-left.ejs\u001b[39m","time":"2021-03-18T06:55:57.442Z","v":0}
{"name":"hexo","hostname":"Nick.leandev.cn","pid":35080,"level":20,"msg":"Processed: \u001b[35mlayout/_partial/footer-option.ejs\u001b[39m","time":"2021-03-18T06:55:57.442Z","v":0}
{"name":"hexo","hostname":"Nick.leandev.cn","pid":35080,"level":20,"msg":"Processed: \u001b[35mlayout/_partial/footer.ejs\u001b[39m","time":"2021-03-18T06:55:57.442Z","v":0}
{"name":"hexo","hostname":"Nick.leandev.cn","pid":35080,"level":20,"msg":"Processed: \u001b[35mlayout/_partial/footer_top.ejs\u001b[39m","time":"2021-03-18T06:55:57.442Z","v":0}
{"name":"hexo","hostname":"Nick.leandev.cn","pid":35080,"level":20,"msg":"Processed: \u001b[35mlayout/_partial/head.ejs\u001b[39m","time":"2021-03-18T06:55:57.442Z","v":0}
{"name":"hexo","hostname":"Nick.leandev.cn","pid":35080,"level":20,"msg":"Processed: \u001b[35mlayout/_partial/import_js.ejs\u001b[39m","time":"2021-03-18T06:55:57.442Z","v":0}
{"name":"hexo","hostname":"Nick.leandev.cn","pid":35080,"level":20,"msg":"Processed: \u001b[35mlayout/_partial/isolate-sns_list.ejs\u001b[39m","time":"2021-03-18T06:55:57.442Z","v":0}
{"name":"hexo","hostname":"Nick.leandev.cn","pid":35080,"level":20,"msg":"Processed: \u001b[35mlayout/_partial/isolate_info.ejs\u001b[39m","time":"2021-03-18T06:55:57.442Z","v":0}
{"name":"hexo","hostname":"Nick.leandev.cn","pid":35080,"level":20,"msg":"Processed: \u001b[35mlayout/_partial/post-content.ejs\u001b[39m","time":"2021-03-18T06:55:57.442Z","v":0}
{"name":"hexo","hostname":"Nick.leandev.cn","pid":35080,"level":20,"msg":"Processed: \u001b[35mlayout/_partial/post-header.ejs\u001b[39m","time":"2021-03-18T06:55:57.442Z","v":0}
{"name":"hexo","hostname":"Nick.leandev.cn","pid":35080,"level":20,"msg":"Processed: \u001b[35mlayout/_partial/post-info-share.ejs\u001b[39m","time":"2021-03-18T06:55:57.442Z","v":0}
{"name":"hexo","hostname":"Nick.leandev.cn","pid":35080,"level":20,"msg":"Processed: \u001b[35mlayout/_partial/post-nav.ejs\u001b[39m","time":"2021-03-18T06:55:57.442Z","v":0}
{"name":"hexo","hostname":"Nick.leandev.cn","pid":35080,"level":20,"msg":"Processed: \u001b[35mlayout/_partial/sidebar-header.ejs\u001b[39m","time":"2021-03-18T06:55:57.442Z","v":0}
{"name":"hexo","hostname":"Nick.leandev.cn","pid":35080,"level":20,"msg":"Processed: \u001b[35mlayout/_partial/sidebar-footer.ejs\u001b[39m","time":"2021-03-18T06:55:57.442Z","v":0}
{"name":"hexo","hostname":"Nick.leandev.cn","pid":35080,"level":20,"msg":"Processed: \u001b[35mlayout/_partial/sidebar-navigation.ejs\u001b[39m","time":"2021-03-18T06:55:57.442Z","v":0}
{"name":"hexo","hostname":"Nick.leandev.cn","pid":35080,"level":20,"msg":"Processed: \u001b[35mlayout/_partial/sidebar-footer_image.ejs\u001b[39m","time":"2021-03-18T06:55:57.442Z","v":0}
{"name":"hexo","hostname":"Nick.leandev.cn","pid":35080,"level":20,"msg":"Processed: \u001b[35mlayout/_partial/sidebar.ejs\u001b[39m","time":"2021-03-18T06:55:57.442Z","v":0}
{"name":"hexo","hostname":"Nick.leandev.cn","pid":35080,"level":20,"msg":"Processed: \u001b[35mlayout/_partial/structured-data.ejs\u001b[39m","time":"2021-03-18T06:55:57.442Z","v":0}
{"name":"hexo","hostname":"Nick.leandev.cn","pid":35080,"level":20,"msg":"Processed: \u001b[35mlayout/_partial/toc_button.ejs\u001b[39m","time":"2021-03-18T06:55:57.442Z","v":0}
{"name":"hexo","hostname":"Nick.leandev.cn","pid":35080,"level":20,"msg":"Processed: \u001b[35mlayout/_widget/dnsprefetch.ejs\u001b[39m","time":"2021-03-18T06:55:57.442Z","v":0}
{"name":"hexo","hostname":"Nick.leandev.cn","pid":35080,"level":20,"msg":"Processed: \u001b[35mlayout/_widget/leancloud-like.ejs\u001b[39m","time":"2021-03-18T06:55:57.442Z","v":0}
{"name":"hexo","hostname":"Nick.leandev.cn","pid":35080,"level":20,"msg":"Processed: \u001b[35mlayout/_widget/leancloud-views.ejs\u001b[39m","time":"2021-03-18T06:55:57.442Z","v":0}
{"name":"hexo","hostname":"Nick.leandev.cn","pid":35080,"level":20,"msg":"Processed: \u001b[35mlayout/_widget/leancloud-views_num.ejs\u001b[39m","time":"2021-03-18T06:55:57.442Z","v":0}
{"name":"hexo","hostname":"Nick.leandev.cn","pid":35080,"level":20,"msg":"Processed: \u001b[35mlayout/_widget/mathjax.ejs\u001b[39m","time":"2021-03-18T06:55:57.443Z","v":0}
{"name":"hexo","hostname":"Nick.leandev.cn","pid":35080,"level":20,"msg":"Processed: \u001b[35mlayout/_widget/nprogress.ejs\u001b[39m","time":"2021-03-18T06:55:57.443Z","v":0}
{"name":"hexo","hostname":"Nick.leandev.cn","pid":35080,"level":20,"msg":"Processed: \u001b[35mlayout/_widget/page-gallery.ejs\u001b[39m","time":"2021-03-18T06:55:57.443Z","v":0}
{"name":"hexo","hostname":"Nick.leandev.cn","pid":35080,"level":20,"msg":"Processed: \u001b[35mlayout/_widget/page-tagcloud.ejs\u001b[39m","time":"2021-03-18T06:55:57.443Z","v":0}
{"name":"hexo","hostname":"Nick.leandev.cn","pid":35080,"level":20,"msg":"Processed: \u001b[35mlayout/_widget/page-timeline.ejs\u001b[39m","time":"2021-03-18T06:55:57.443Z","v":0}
{"name":"hexo","hostname":"Nick.leandev.cn","pid":35080,"level":20,"msg":"Processed: \u001b[35mlayout/_widget/page-links.ejs\u001b[39m","time":"2021-03-18T06:55:57.443Z","v":0}
{"name":"hexo","hostname":"Nick.leandev.cn","pid":35080,"level":20,"msg":"Processed: \u001b[35mlayout/_widget/qrcode.ejs\u001b[39m","time":"2021-03-18T06:55:57.443Z","v":0}
{"name":"hexo","hostname":"Nick.leandev.cn","pid":35080,"level":20,"msg":"Processed: \u001b[35mlayout/_widget/search-local-js.ejs\u001b[39m","time":"2021-03-18T06:55:57.443Z","v":0}
{"name":"hexo","hostname":"Nick.leandev.cn","pid":35080,"level":20,"msg":"Processed: \u001b[35mlayout/_widget/search-swiftype-js.ejs\u001b[39m","time":"2021-03-18T06:55:57.443Z","v":0}
{"name":"hexo","hostname":"Nick.leandev.cn","pid":35080,"level":20,"msg":"Processed: \u001b[35m_posts/dockerfile/3.png\u001b[39m","time":"2021-03-18T06:55:57.455Z","v":0}
{"name":"hexo","hostname":"Nick.leandev.cn","pid":35080,"level":20,"msg":"Processed: \u001b[35msource/css/prettify/atelier-cave-dark.min.css\u001b[39m","time":"2021-03-18T06:55:57.455Z","v":0}
{"name":"hexo","hostname":"Nick.leandev.cn","pid":35080,"level":20,"msg":"Processed: \u001b[35m_posts/nginx-guide/2.png\u001b[39m","time":"2021-03-18T06:55:57.455Z","v":0}
{"name":"hexo","hostname":"Nick.leandev.cn","pid":35080,"level":20,"msg":"Processed: \u001b[35msource/img/random/material-16.png\u001b[39m","time":"2021-03-18T06:55:57.456Z","v":0}
{"name":"hexo","hostname":"Nick.leandev.cn","pid":35080,"level":20,"msg":"Processed: \u001b[35m_posts/soul-gateway-src-code-learning-01/01index.png\u001b[39m","time":"2021-03-18T06:55:57.456Z","v":0}
{"name":"hexo","hostname":"Nick.leandev.cn","pid":35080,"level":20,"msg":"Processed: \u001b[35msource/img/random/material-15.png\u001b[39m","time":"2021-03-18T06:55:57.456Z","v":0}
{"name":"hexo","hostname":"Nick.leandev.cn","pid":35080,"level":20,"msg":"Processed: \u001b[35m_posts/soul-gateway-src-code-learning-04/00register.png\u001b[39m","time":"2021-03-18T06:55:57.457Z","v":0}
{"name":"hexo","hostname":"Nick.leandev.cn","pid":35080,"level":20,"msg":"Processed: \u001b[35msource/img/random/material-14.png\u001b[39m","time":"2021-03-18T06:55:57.457Z","v":0}
{"name":"hexo","hostname":"Nick.leandev.cn","pid":35080,"level":20,"msg":"Processed: \u001b[35m_posts/soul-gateway-src-code-learning-07/01.png\u001b[39m","time":"2021-03-18T06:55:57.458Z","v":0}
{"name":"hexo","hostname":"Nick.leandev.cn","pid":35080,"level":20,"msg":"Processed: \u001b[35msource/img/random/material-1.png\u001b[39m","time":"2021-03-18T06:55:57.458Z","v":0}
{"name":"hexo","hostname":"Nick.leandev.cn","pid":35080,"level":20,"msg":"Processed: \u001b[35m_posts/soul-gateway-src-code-learning-09/00nacos_config.png\u001b[39m","time":"2021-03-18T06:55:57.458Z","v":0}
{"name":"hexo","hostname":"Nick.leandev.cn","pid":35080,"level":20,"msg":"Processed: \u001b[35msource/img/random/material-13.png\u001b[39m","time":"2021-03-18T06:55:57.458Z","v":0}
{"name":"hexo","hostname":"Nick.leandev.cn","pid":35080,"level":20,"msg":"Processed: \u001b[35msource/img/random/material-11.png\u001b[39m","time":"2021-03-18T06:55:57.458Z","v":0}
{"name":"hexo","hostname":"Nick.leandev.cn","pid":35080,"level":20,"msg":"Processed: \u001b[35msource/img/random/material-5.png\u001b[39m","time":"2021-03-18T06:55:57.458Z","v":0}
{"name":"hexo","hostname":"Nick.leandev.cn","pid":35080,"level":20,"msg":"Processed: \u001b[35msource/js/gallery/gallery.js\u001b[39m","time":"2021-03-18T06:55:57.458Z","v":0}
{"name":"hexo","hostname":"Nick.leandev.cn","pid":35080,"level":20,"msg":"Processed: \u001b[35msource/img/random/material-2.png\u001b[39m","time":"2021-03-18T06:55:57.458Z","v":0}
{"name":"hexo","hostname":"Nick.leandev.cn","pid":35080,"level":20,"msg":"Processed: \u001b[35msource/img/random/material-18.png\u001b[39m","time":"2021-03-18T06:55:57.458Z","v":0}
{"name":"hexo","hostname":"Nick.leandev.cn","pid":35080,"level":20,"msg":"Processed: \u001b[35msource/img/random/material-7.png\u001b[39m","time":"2021-03-18T06:55:57.458Z","v":0}
{"name":"hexo","hostname":"Nick.leandev.cn","pid":35080,"level":20,"msg":"Processed: \u001b[35mlayout/_widget/analytics/cnzz-analytics.ejs\u001b[39m","time":"2021-03-18T06:55:57.464Z","v":0}
{"name":"hexo","hostname":"Nick.leandev.cn","pid":35080,"level":20,"msg":"Processed: \u001b[35mlayout/_widget/analytics/google-analytics.ejs\u001b[39m","time":"2021-03-18T06:55:57.464Z","v":0}
{"name":"hexo","hostname":"Nick.leandev.cn","pid":35080,"level":20,"msg":"Processed: \u001b[35mlayout/_widget/analytics/baidu-analytics.ejs\u001b[39m","time":"2021-03-18T06:55:57.464Z","v":0}
{"name":"hexo","hostname":"Nick.leandev.cn","pid":35080,"level":20,"msg":"Processed: \u001b[35m_posts/soul-gateway-src-code-learning-01/03selector.png\u001b[39m","time":"2021-03-18T06:55:57.473Z","v":0}
{"name":"hexo","hostname":"Nick.leandev.cn","pid":35080,"level":20,"msg":"Processed: \u001b[35m_posts/soul-gateway-src-code-learning-01/04rule.png\u001b[39m","time":"2021-03-18T06:55:57.476Z","v":0}
{"name":"hexo","hostname":"Nick.leandev.cn","pid":35080,"level":20,"msg":"Processed: \u001b[35m_posts/soul-gateway-src-code-learning-02/00soul_auto_register_divide.png\u001b[39m","time":"2021-03-18T06:55:57.477Z","v":0}
{"name":"hexo","hostname":"Nick.leandev.cn","pid":35080,"level":20,"msg":"Processed: \u001b[35m_posts/soul-gateway-src-code-learning-05/00springcloud_plugin_log.png\u001b[39m","time":"2021-03-18T06:55:57.477Z","v":0}
{"name":"hexo","hostname":"Nick.leandev.cn","pid":35080,"level":20,"msg":"Processed: \u001b[35m_posts/soul-gateway-src-code-learning-10/01no_data_admins.png\u001b[39m","time":"2021-03-18T06:55:57.477Z","v":0}
{"name":"hexo","hostname":"Nick.leandev.cn","pid":35080,"level":20,"msg":"Processed: \u001b[35mlayout/_widget/comment/valine/common.ejs\u001b[39m","time":"2021-03-18T06:55:57.479Z","v":0}
{"name":"hexo","hostname":"Nick.leandev.cn","pid":35080,"level":20,"msg":"Processed: \u001b[35mlayout/_widget/comment/livere/common.ejs\u001b[39m","time":"2021-03-18T06:55:57.479Z","v":0}
{"name":"hexo","hostname":"Nick.leandev.cn","pid":35080,"level":20,"msg":"Processed: \u001b[35m_posts/soul-gateway-src-code-learning-10/02add_divide_selector.png\u001b[39m","time":"2021-03-18T06:55:57.481Z","v":0}
{"name":"hexo","hostname":"Nick.leandev.cn","pid":35080,"level":20,"msg":"Processed: \u001b[35mlayout/_widget/comment/changyan/common.ejs\u001b[39m","time":"2021-03-18T06:55:57.486Z","v":0}
{"name":"hexo","hostname":"Nick.leandev.cn","pid":35080,"level":20,"msg":"Processed: \u001b[35mlayout/_widget/comment/changyan/enter.ejs\u001b[39m","time":"2021-03-18T06:55:57.486Z","v":0}
{"name":"hexo","hostname":"Nick.leandev.cn","pid":35080,"level":20,"msg":"Processed: \u001b[35mlayout/_widget/comment/disqus_click/main.ejs\u001b[39m","time":"2021-03-18T06:55:57.486Z","v":0}
{"name":"hexo","hostname":"Nick.leandev.cn","pid":35080,"level":20,"msg":"Processed: \u001b[35mlayout/_widget/comment/disqus_click/enter.ejs\u001b[39m","time":"2021-03-18T06:55:57.486Z","v":0}
{"name":"hexo","hostname":"Nick.leandev.cn","pid":35080,"level":20,"msg":"Processed: \u001b[35mlayout/_widget/comment/disqus/common.ejs\u001b[39m","time":"2021-03-18T06:55:57.486Z","v":0}
{"name":"hexo","hostname":"Nick.leandev.cn","pid":35080,"level":20,"msg":"Processed: \u001b[35mlayout/_widget/comment/disqus_click/common.ejs\u001b[39m","time":"2021-03-18T06:55:57.486Z","v":0}
{"name":"hexo","hostname":"Nick.leandev.cn","pid":35080,"level":20,"msg":"Processed: \u001b[35mlayout/_widget/comment/changyan/main.ejs\u001b[39m","time":"2021-03-18T06:55:57.486Z","v":0}
{"name":"hexo","hostname":"Nick.leandev.cn","pid":35080,"level":20,"msg":"Processed: \u001b[35mlayout/_widget/comment/disqus/enter.ejs\u001b[39m","time":"2021-03-18T06:55:57.486Z","v":0}
{"name":"hexo","hostname":"Nick.leandev.cn","pid":35080,"level":20,"msg":"Processed: \u001b[35mlayout/_widget/comment/gitment/enter.ejs\u001b[39m","time":"2021-03-18T06:55:57.486Z","v":0}
{"name":"hexo","hostname":"Nick.leandev.cn","pid":35080,"level":20,"msg":"Processed: \u001b[35mlayout/_widget/comment/disqus/main.ejs\u001b[39m","time":"2021-03-18T06:55:57.486Z","v":0}
{"name":"hexo","hostname":"Nick.leandev.cn","pid":35080,"level":20,"msg":"Processed: \u001b[35mlayout/_widget/comment/gitalk/common.ejs\u001b[39m","time":"2021-03-18T06:55:57.486Z","v":0}
{"name":"hexo","hostname":"Nick.leandev.cn","pid":35080,"level":20,"msg":"Processed: \u001b[35mlayout/_widget/comment/gitment/common.ejs\u001b[39m","time":"2021-03-18T06:55:57.486Z","v":0}
{"name":"hexo","hostname":"Nick.leandev.cn","pid":35080,"level":20,"msg":"Processed: \u001b[35mlayout/_widget/comment/gitment/main.ejs\u001b[39m","time":"2021-03-18T06:55:57.486Z","v":0}
{"name":"hexo","hostname":"Nick.leandev.cn","pid":35080,"level":20,"msg":"Processed: \u001b[35mlayout/_widget/comment/gitalk/main.ejs\u001b[39m","time":"2021-03-18T06:55:57.486Z","v":0}
{"name":"hexo","hostname":"Nick.leandev.cn","pid":35080,"level":20,"msg":"Processed: \u001b[35mlayout/_widget/comment/gitalk/enter.ejs\u001b[39m","time":"2021-03-18T06:55:57.486Z","v":0}
{"name":"hexo","hostname":"Nick.leandev.cn","pid":35080,"level":20,"msg":"Processed: \u001b[35mlayout/_widget/comment/livere/enter.ejs\u001b[39m","time":"2021-03-18T06:55:57.486Z","v":0}
{"name":"hexo","hostname":"Nick.leandev.cn","pid":35080,"level":20,"msg":"Processed: \u001b[35mlayout/_widget/comment/livere/main.ejs\u001b[39m","time":"2021-03-18T06:55:57.486Z","v":0}
{"name":"hexo","hostname":"Nick.leandev.cn","pid":35080,"level":20,"msg":"Processed: \u001b[35mlayout/_widget/comment/valine/main.ejs\u001b[39m","time":"2021-03-18T06:55:57.486Z","v":0}
{"name":"hexo","hostname":"Nick.leandev.cn","pid":35080,"level":20,"msg":"Processed: \u001b[35mlayout/_widget/comment/wildfire/common.ejs\u001b[39m","time":"2021-03-18T06:55:57.486Z","v":0}
{"name":"hexo","hostname":"Nick.leandev.cn","pid":35080,"level":20,"msg":"Processed: \u001b[35mlayout/_widget/comment/valine/enter.ejs\u001b[39m","time":"2021-03-18T06:55:57.486Z","v":0}
{"name":"hexo","hostname":"Nick.leandev.cn","pid":35080,"level":20,"msg":"Processed: \u001b[35mlayout/_widget/comment/wildfire/enter.ejs\u001b[39m","time":"2021-03-18T06:55:57.486Z","v":0}
{"name":"hexo","hostname":"Nick.leandev.cn","pid":35080,"level":20,"msg":"Processed: \u001b[35mlayout/_widget/comment/wildfire/main.ejs\u001b[39m","time":"2021-03-18T06:55:57.486Z","v":0}
{"name":"hexo","hostname":"Nick.leandev.cn","pid":35080,"level":20,"msg":"Processed: \u001b[35m_posts/soul-gateway-src-code-learning-01/02start_bootstrap_log.jpg\u001b[39m","time":"2021-03-18T06:55:57.489Z","v":0}
{"name":"hexo","hostname":"Nick.leandev.cn","pid":35080,"level":20,"msg":"Processed: \u001b[35m_posts/soul-gateway-src-code-learning-07/03sync_all_button.jpg\u001b[39m","time":"2021-03-18T06:55:57.493Z","v":0}
{"name":"hexo","hostname":"Nick.leandev.cn","pid":35080,"level":20,"msg":"Processed: \u001b[35msource/fonts/Roboto-Regular.ttf\u001b[39m","time":"2021-03-18T06:55:57.494Z","v":0}
{"name":"hexo","hostname":"Nick.leandev.cn","pid":35080,"level":20,"msg":"Processed: \u001b[35m_posts/soul-gateway-src-code-learning-08/00change_config.png\u001b[39m","time":"2021-03-18T06:55:57.494Z","v":0}
{"name":"hexo","hostname":"Nick.leandev.cn","pid":35080,"level":20,"msg":"Processed: \u001b[35msource/fonts/Roboto-Thin.ttf\u001b[39m","time":"2021-03-18T06:55:57.495Z","v":0}
{"name":"hexo","hostname":"Nick.leandev.cn","pid":35080,"level":20,"msg":"Processed: \u001b[35msource/fonts/fontawesome-webfont.svg\u001b[39m","time":"2021-03-18T06:55:57.495Z","v":0}
{"name":"hexo","hostname":"Nick.leandev.cn","pid":35080,"level":20,"msg":"Processed: \u001b[35m_posts/hive_install/ScreenShot20180206at163905.png\u001b[39m","time":"2021-03-18T06:55:57.502Z","v":0}
{"name":"hexo","hostname":"Nick.leandev.cn","pid":35080,"level":20,"msg":"Processed: \u001b[35msource/fonts/Roboto-Black.ttf\u001b[39m","time":"2021-03-18T06:55:57.502Z","v":0}
{"name":"hexo","hostname":"Nick.leandev.cn","pid":35080,"level":20,"msg":"Processed: \u001b[35m_posts/soul-gateway-src-code-learning-10/02diff_admin_selector.jpg\u001b[39m","time":"2021-03-18T06:55:57.502Z","v":0}
{"name":"hexo","hostname":"Nick.leandev.cn","pid":35080,"level":20,"msg":"Processed: \u001b[35msource/fonts/Roboto-Bold.ttf\u001b[39m","time":"2021-03-18T06:55:57.502Z","v":0}
{"name":"hexo","hostname":"Nick.leandev.cn","pid":35080,"level":20,"msg":"Processed: \u001b[35msource/fonts/Roboto-Medium.ttf\u001b[39m","time":"2021-03-18T06:55:57.503Z","v":0}
{"name":"hexo","hostname":"Nick.leandev.cn","pid":35080,"level":20,"msg":"Processed: \u001b[35msource/fonts/Roboto-Light.ttf\u001b[39m","time":"2021-03-18T06:55:57.507Z","v":0}
{"name":"hexo","hostname":"Nick.leandev.cn","pid":35080,"level":30,"msg":"Catch you later","time":"2021-03-18T06:56:14.339Z","v":0}
{"name":"hexo","hostname":"Nick.leandev.cn","pid":35080,"level":20,"msg":"Database saved","time":"2021-03-18T06:56:14.384Z","v":0}
